2015-11-05 18:56:51,394 INFO  [main] stencyl.sw.Session: Logfile: /Users/pome012/stencylworks/logs/2015-11-05_18-56-50.log
2015-11-05 18:56:51,406 INFO  [main] stencyl.sw.Session: OS Name: Mac OS X
2015-11-05 18:56:51,407 INFO  [main] stencyl.sw.Session: OS Version: 10.10.5
2015-11-05 18:56:51,407 INFO  [main] stencyl.sw.Session: Java Version: 1.8.0_65
2015-11-05 18:56:51,408 INFO  [main] stencyl.sw.Session: Stencyl Version: 3.3.2 (b8734)
2015-11-05 18:56:51,410 INFO  [main] stencyl.sw.Session: Stencyl Workspace: /Users/pome012/
2015-11-05 18:56:51,410 INFO  [main] stencyl.sw.Session: User Working Directory: /Users/pome012/Desktop/Stencyl-full (1)
2015-11-05 18:56:51,410 INFO  [main] stencyl.sw.Session: User Home Directory: /Users/pome012
2015-11-05 18:56:51,411 INFO  [main] stencyl.sw.Session: System Path: /usr/bin:/bin:/usr/sbin:/sbin
2015-11-05 18:56:51,463 DEBUG [main] stencyl.sw.util.FileHelper: Deleting: /var/folders/8s/mnd4n2894bdbrmz8ctlzw1dj36knmk/T/stencyl3767844588523929208
2015-11-05 18:56:51,467 DEBUG [main] stencyl.sw.loc.LanguagePack: Reading... lang/en/global-phrases.lang
2015-11-05 18:56:51,500 DEBUG [main] stencyl.sw.loc.LanguagePack: Reading... lang/en/global-errors.lang
2015-11-05 18:56:51,506 DEBUG [main] stencyl.sw.loc.LanguagePack: Reading... lang/en/global-menu.lang
2015-11-05 18:56:51,517 DEBUG [main] stencyl.sw.loc.LanguagePack: Reading... lang/en/global-welcome.lang
2015-11-05 18:56:51,522 DEBUG [main] stencyl.sw.loc.LanguagePack: Reading... lang/en/global-dashboard.lang
2015-11-05 18:56:51,528 DEBUG [main] stencyl.sw.loc.LanguagePack: Reading... lang/en/global-publish.lang
2015-11-05 18:56:51,534 DEBUG [main] stencyl.sw.loc.LanguagePack: Reading... lang/en/global-updater.lang
2015-11-05 18:56:51,537 DEBUG [main] stencyl.sw.loc.LanguagePack: Reading... lang/en/global-chat.lang
2015-11-05 18:56:51,539 DEBUG [main] stencyl.sw.loc.LanguagePack: Reading... lang/en/global-misc.lang
2015-11-05 18:56:51,544 DEBUG [main] stencyl.sw.loc.LanguagePack: Reading... lang/en/global-forge.lang
2015-11-05 18:56:51,547 DEBUG [main] stencyl.sw.loc.LanguagePack: Reading... lang/en/global-prefs.lang
2015-11-05 18:56:51,551 DEBUG [main] stencyl.sw.loc.LanguagePack: Reading... lang/en/global-creategame.lang
2015-11-05 18:56:51,553 DEBUG [main] stencyl.sw.loc.LanguagePack: Reading... lang/en/behavior-main.lang
2015-11-05 18:56:51,554 DEBUG [main] stencyl.sw.loc.LanguagePack: Reading... lang/en/behavior-blocks.lang
2015-11-05 18:56:51,619 DEBUG [main] stencyl.sw.loc.LanguagePack: Reading... lang/en/behavior-blockhelp.lang
2015-11-05 18:56:51,650 DEBUG [main] stencyl.sw.loc.LanguagePack: Reading... lang/en/behavior-events.lang
2015-11-05 18:56:51,652 DEBUG [main] stencyl.sw.loc.LanguagePack: Reading... lang/en/behavior-code.lang
2015-11-05 18:56:51,653 DEBUG [main] stencyl.sw.loc.LanguagePack: Reading... lang/en/behavior-attributes.lang
2015-11-05 18:56:51,655 DEBUG [main] stencyl.sw.loc.LanguagePack: Reading... lang/en/behavior-create.lang
2015-11-05 18:56:51,656 DEBUG [main] stencyl.sw.loc.LanguagePack: Reading... lang/en/behavior-byob.lang
2015-11-05 18:56:51,657 DEBUG [main] stencyl.sw.loc.LanguagePack: Reading... lang/en/editor-actor-main.lang
2015-11-05 18:56:51,657 DEBUG [main] stencyl.sw.loc.LanguagePack: Reading... lang/en/editor-actor-physics.lang
2015-11-05 18:56:51,658 DEBUG [main] stencyl.sw.loc.LanguagePack: Reading... lang/en/editor-background.lang
2015-11-05 18:56:51,659 DEBUG [main] stencyl.sw.loc.LanguagePack: Reading... lang/en/editor-behaviorchooser.lang
2015-11-05 18:56:51,660 DEBUG [main] stencyl.sw.loc.LanguagePack: Reading... lang/en/editor-desktop.lang
2015-11-05 18:56:51,663 DEBUG [main] stencyl.sw.loc.LanguagePack: Reading... lang/en/editor-font.lang
2015-11-05 18:56:51,664 DEBUG [main] stencyl.sw.loc.LanguagePack: Reading... lang/en/editor-sound.lang
2015-11-05 18:56:51,666 DEBUG [main] stencyl.sw.loc.LanguagePack: Reading... lang/en/editor-tileset.lang
2015-11-05 18:56:51,667 DEBUG [main] stencyl.sw.loc.LanguagePack: Reading... lang/en/editor-preloader.lang
2015-11-05 18:56:51,669 DEBUG [main] stencyl.sw.loc.LanguagePack: Reading... lang/en/editor-mobile.lang
2015-11-05 18:56:51,679 DEBUG [main] stencyl.sw.loc.LanguagePack: Reading... lang/en/editor-groups.lang
2015-11-05 18:56:51,682 DEBUG [main] stencyl.sw.loc.LanguagePack: Reading... lang/en/editor-attributes.lang
2015-11-05 18:56:51,684 DEBUG [main] stencyl.sw.loc.LanguagePack: Reading... lang/en/editor-input.lang
2015-11-05 18:56:51,686 DEBUG [main] stencyl.sw.loc.LanguagePack: Reading... lang/en/editor-animation.lang
2015-11-05 18:56:51,687 DEBUG [main] stencyl.sw.loc.LanguagePack: Reading... lang/en/editor-scene-main.lang
2015-11-05 18:56:51,700 DEBUG [main] stencyl.sw.loc.LanguagePack: Reading... lang/en/editor-scene-create.lang
2015-11-05 18:56:51,703 DEBUG [main] stencyl.sw.loc.LanguagePack: Reading... lang/en/editor-scene-tools.lang
2015-11-05 18:56:51,708 DEBUG [main] stencyl.sw.loc.LanguagePack: Reading... lang/en/global-phrases.lang
2015-11-05 18:56:51,720 DEBUG [main] stencyl.sw.loc.LanguagePack: Reading... lang/en/global-errors.lang
2015-11-05 18:56:51,722 DEBUG [main] stencyl.sw.loc.LanguagePack: Reading... lang/en/global-menu.lang
2015-11-05 18:56:51,723 DEBUG [main] stencyl.sw.loc.LanguagePack: Reading... lang/en/global-welcome.lang
2015-11-05 18:56:51,726 DEBUG [main] stencyl.sw.loc.LanguagePack: Reading... lang/en/global-dashboard.lang
2015-11-05 18:56:51,734 DEBUG [main] stencyl.sw.loc.LanguagePack: Reading... lang/en/global-publish.lang
2015-11-05 18:56:51,742 DEBUG [main] stencyl.sw.loc.LanguagePack: Reading... lang/en/global-updater.lang
2015-11-05 18:56:51,744 DEBUG [main] stencyl.sw.loc.LanguagePack: Reading... lang/en/global-chat.lang
2015-11-05 18:56:51,749 DEBUG [main] stencyl.sw.loc.LanguagePack: Reading... lang/en/global-misc.lang
2015-11-05 18:56:51,753 DEBUG [main] stencyl.sw.loc.LanguagePack: Reading... lang/en/global-forge.lang
2015-11-05 18:56:51,756 DEBUG [main] stencyl.sw.loc.LanguagePack: Reading... lang/en/global-prefs.lang
2015-11-05 18:56:51,757 DEBUG [main] stencyl.sw.loc.LanguagePack: Reading... lang/en/global-creategame.lang
2015-11-05 18:56:51,757 DEBUG [main] stencyl.sw.loc.LanguagePack: Reading... lang/en/behavior-main.lang
2015-11-05 18:56:51,758 DEBUG [main] stencyl.sw.loc.LanguagePack: Reading... lang/en/behavior-blocks.lang
2015-11-05 18:56:51,771 DEBUG [main] stencyl.sw.loc.LanguagePack: Reading... lang/en/behavior-blockhelp.lang
2015-11-05 18:56:51,787 DEBUG [main] stencyl.sw.loc.LanguagePack: Reading... lang/en/behavior-events.lang
2015-11-05 18:56:51,788 DEBUG [main] stencyl.sw.loc.LanguagePack: Reading... lang/en/behavior-code.lang
2015-11-05 18:56:51,788 DEBUG [main] stencyl.sw.loc.LanguagePack: Reading... lang/en/behavior-attributes.lang
2015-11-05 18:56:51,789 DEBUG [main] stencyl.sw.loc.LanguagePack: Reading... lang/en/behavior-create.lang
2015-11-05 18:56:51,790 DEBUG [main] stencyl.sw.loc.LanguagePack: Reading... lang/en/behavior-byob.lang
2015-11-05 18:56:51,791 DEBUG [main] stencyl.sw.loc.LanguagePack: Reading... lang/en/editor-actor-main.lang
2015-11-05 18:56:51,792 DEBUG [main] stencyl.sw.loc.LanguagePack: Reading... lang/en/editor-actor-physics.lang
2015-11-05 18:56:51,794 DEBUG [main] stencyl.sw.loc.LanguagePack: Reading... lang/en/editor-background.lang
2015-11-05 18:56:51,794 DEBUG [main] stencyl.sw.loc.LanguagePack: Reading... lang/en/editor-behaviorchooser.lang
2015-11-05 18:56:51,795 DEBUG [main] stencyl.sw.loc.LanguagePack: Reading... lang/en/editor-desktop.lang
2015-11-05 18:56:51,796 DEBUG [main] stencyl.sw.loc.LanguagePack: Reading... lang/en/editor-font.lang
2015-11-05 18:56:51,799 DEBUG [main] stencyl.sw.loc.LanguagePack: Reading... lang/en/editor-sound.lang
2015-11-05 18:56:51,800 DEBUG [main] stencyl.sw.loc.LanguagePack: Reading... lang/en/editor-tileset.lang
2015-11-05 18:56:51,801 DEBUG [main] stencyl.sw.loc.LanguagePack: Reading... lang/en/editor-preloader.lang
2015-11-05 18:56:51,802 DEBUG [main] stencyl.sw.loc.LanguagePack: Reading... lang/en/editor-mobile.lang
2015-11-05 18:56:51,803 DEBUG [main] stencyl.sw.loc.LanguagePack: Reading... lang/en/editor-groups.lang
2015-11-05 18:56:51,804 DEBUG [main] stencyl.sw.loc.LanguagePack: Reading... lang/en/editor-attributes.lang
2015-11-05 18:56:51,806 DEBUG [main] stencyl.sw.loc.LanguagePack: Reading... lang/en/editor-input.lang
2015-11-05 18:56:51,806 DEBUG [main] stencyl.sw.loc.LanguagePack: Reading... lang/en/editor-animation.lang
2015-11-05 18:56:51,808 DEBUG [main] stencyl.sw.loc.LanguagePack: Reading... lang/en/editor-scene-main.lang
2015-11-05 18:56:51,810 DEBUG [main] stencyl.sw.loc.LanguagePack: Reading... lang/en/editor-scene-create.lang
2015-11-05 18:56:51,811 DEBUG [main] stencyl.sw.loc.LanguagePack: Reading... lang/en/editor-scene-tools.lang
2015-11-05 18:56:53,924 INFO  [AWT-EventQueue-0] stencyl.sw.SW: Initializing Stencyl.
2015-11-05 18:56:53,929 DEBUG [AWT-EventQueue-0] stencyl.sw.Splash: Set Splash message: Look
2015-11-05 18:56:54,021 DEBUG [Thread-2] stencyl.sw.util.StreamGobbler: [xcode-select] xcode-select: error: unable to get active developer directory, use `xcode-select --switch` to set one (or see `man xcode-select`)
2015-11-05 18:56:54,048 DEBUG [Thread-3] stencyl.sw.util.StreamGobbler: [xcodebuild] xcrun: error: missing DEVELOPER_DIR path: xcode-select: error: unable to get active developer directory, use `xcode-select --switch` to set one (or see `man xcode-select`)
2015-11-05 18:56:54,061 DEBUG [Thread-4] stencyl.sw.util.StreamGobbler: [xcodebuild] xcrun: error: missing DEVELOPER_DIR path: 
2015-11-05 18:56:54,075 DEBUG [Thread-5] stencyl.sw.util.StreamGobbler: [xcodebuild] xcrun: error: missing DEVELOPER_DIR path: /Applications/Xcode.app/Contents/Developer
2015-11-05 18:56:54,082 DEBUG [Thread-6] stencyl.sw.util.StreamGobbler: [xcodebuild] xcrun: error: missing DEVELOPER_DIR path: /Developer
2015-11-05 18:56:54,176 WARN  [AWT-EventQueue-0] stencyl.sw.app.filewatcher.ExternalAppLauncher: No Xcode found.
2015-11-05 18:56:55,462 INFO  [AWT-EventQueue-0] stencyl.sw.ext.ExtensionDependencyManager: Haxelib actuate 1.6.5
2015-11-05 18:56:55,471 INFO  [AWT-EventQueue-0] stencyl.sw.ext.ExtensionDependencyManager: Haxelib box2d 1.11.0
2015-11-05 18:56:55,479 INFO  [AWT-EventQueue-0] stencyl.sw.ext.ExtensionDependencyManager: Haxelib box2d-fake 1.11.0
2015-11-05 18:56:55,483 INFO  [AWT-EventQueue-0] stencyl.sw.ext.ExtensionDependencyManager: Haxelib console 1.0.0
2015-11-05 18:56:55,491 INFO  [AWT-EventQueue-0] stencyl.sw.ext.ExtensionDependencyManager: Haxelib format 3.1.2
2015-11-05 18:56:55,495 INFO  [AWT-EventQueue-0] stencyl.sw.ext.ExtensionDependencyManager: Haxelib hxcpp 3.2.0
2015-11-05 18:56:55,502 INFO  [AWT-EventQueue-0] stencyl.sw.ext.ExtensionDependencyManager: Haxelib hxtelemetry 0.3.1
2015-11-05 18:56:55,506 INFO  [AWT-EventQueue-0] stencyl.sw.ext.ExtensionDependencyManager: Haxelib layout 1.1.0
2015-11-05 18:56:55,510 INFO  [AWT-EventQueue-0] stencyl.sw.ext.ExtensionDependencyManager: Haxelib lime 2.6.8
2015-11-05 18:56:55,517 INFO  [AWT-EventQueue-0] stencyl.sw.ext.ExtensionDependencyManager: Haxelib openfl 3.3.8
2015-11-05 18:56:55,521 INFO  [AWT-EventQueue-0] stencyl.sw.ext.ExtensionDependencyManager: Haxelib polygonal-ds 1.4.1
2015-11-05 18:56:55,525 INFO  [AWT-EventQueue-0] stencyl.sw.ext.ExtensionDependencyManager: Haxelib polygonal-printf 1.0.0.beta
2015-11-05 18:56:55,533 INFO  [AWT-EventQueue-0] stencyl.sw.ext.ExtensionDependencyManager: Haxelib stencyl 1.0.0
2015-11-05 18:56:55,538 INFO  [AWT-EventQueue-0] stencyl.sw.ext.ExtensionDependencyManager: Haxelib stencyl-cppia 1.0.0
2015-11-05 18:56:55,546 INFO  [AWT-EventQueue-0] stencyl.sw.ext.ExtensionDependencyManager: Haxelib svg 1.0.8
2015-11-05 18:56:55,553 INFO  [AWT-EventQueue-0] stencyl.sw.ext.ExtensionDependencyManager: Haxelib swf 1.7.4
2015-11-05 18:56:55,562 INFO  [AWT-EventQueue-0] stencyl.sw.ext.ExtensionDependencyManager: Haxelib tilelayer 0.2.1
2015-11-05 18:56:55,571 DEBUG [AWT-EventQueue-0] stencyl.sw.util.FileHelper: Matching (non-hidden) files within /Users/pome012/stencylworks/extensions: []
2015-11-05 18:56:55,573 DEBUG [AWT-EventQueue-0] stencyl.sw.util.FileHelper: Matching (non-hidden) files within /Users/pome012/stencylworks/extensions: []
2015-11-05 18:56:55,573 DEBUG [AWT-EventQueue-0] stencyl.sw.editors.game.advanced.EngineExtensionManager: Loading engine extensions...
2015-11-05 18:56:55,573 DEBUG [AWT-EventQueue-0] stencyl.sw.util.FileHelper: Directories within /Users/pome012/stencylworks/engine-extensions: []
2015-11-05 18:56:55,574 INFO  [AWT-EventQueue-0] stencyl.sw.editors.game.advanced.EngineExtensionManager: Engine Extensions: []
2015-11-05 18:56:55,576 WARN  [AWT-EventQueue-0] stencyl.sw.app.ExtensionManager: Couldn't load extension settings.
2015-11-05 18:56:55,582 INFO  [AWT-EventQueue-0] stencyl.sw.app.ExtensionManager: Toolset Extensions: []
2015-11-05 18:56:55,861 DEBUG [AWT-EventQueue-0] stencyl.sw.app.doc.Workspace: Activated: Welcome Center
2015-11-05 18:56:55,869 WARN  [AWT-EventQueue-0] stencyl.sw.app.App: Stencyl Install Path: /Users/pome012/Desktop/Stencyl-full (1)/plaf
2015-11-05 18:56:55,872 WARN  [AWT-EventQueue-0] stencyl.sw.util.dg.MessageDialog: Stencyl's install path contains special characters. - Stencyl may be unable to compile games if it's path contains '(' or ')'. Move Stencyl or change the path to enable game compiling.
2015-11-05 18:56:59,453 DEBUG [AWT-EventQueue-0] stencyl.sw.app.App: Silent Authentication.
2015-11-05 18:56:59,453 DEBUG [AWT-EventQueue-0] stencyl.sw.Splash: Dispose Splash
2015-11-05 18:56:59,802 DEBUG [pool-1-thread-1] stencyl.sw.app.tasks.AuthenticateTask: Response: user:::plans0
2015-11-05 18:56:59,803 DEBUG [pool-1-thread-1] stencyl.sw.util.FileHelper: Deleting: /Users/pome012/stencylworks/prefs/auth.txt
2015-11-05 18:56:59,812 INFO  [pool-1-thread-1] stencyl.sw.app.tasks.AuthenticateTask: Logged in as: POME012
2015-11-05 18:56:59,813 INFO  [pool-1-thread-1] stencyl.sw.app.tasks.AuthenticateTask: Usergroup: Registered
2015-11-05 18:57:00,071 DEBUG [pool-1-thread-1] stencyl.sw.app.tasks.AuthenticateTask: 200
2015-11-05 18:57:01,552 DEBUG [AWT-EventQueue-0] stencyl.sw.util.FileHelper: Deleting: /private/var/folders/8s/mnd4n2894bdbrmz8ctlzw1dj36knmk/T/stencyl3767844588523929208/sandbox/test/temp
2015-11-05 18:57:01,553 DEBUG [AWT-EventQueue-0] stencyl.sw.util.FileHelper: Deleting: /Users/pome012/stencylworks/preview/scripts
2015-11-05 18:57:01,589 DEBUG [AWT-EventQueue-0] stencyl.sw.util.FileHelper: Deleting: /Users/pome012/stencylworks/preview/game
2015-11-05 18:57:01,591 INFO  [AWT-EventQueue-0] stencyl.sw.app.tasks.OpenGameTask: Opening game: Dungeons
2015-11-05 18:57:01,693 DEBUG [pool-1-thread-1] stencyl.core.lib.Game: Loading scene-specific snippet. SceneID: 0
2015-11-05 18:57:01,732 DEBUG [pool-1-thread-1] stencyl.core.lib.Game: Loading scene-specific snippet. SceneID: 1
2015-11-05 18:57:01,759 DEBUG [pool-1-thread-1] stencyl.core.lib.ResourceList: Initializing... 60 : Action Button
2015-11-05 18:57:01,764 DEBUG [pool-1-thread-1] stencyl.core.lib.ResourceList: Initializing... 64 : Amari
2015-11-05 18:57:01,812 DEBUG [pool-1-thread-1] stencyl.core.lib.ResourceList: Initializing... 63 : Amari
2015-11-05 18:57:01,813 DEBUG [pool-1-thread-1] stencyl.core.lib.ResourceList: Initializing... 53 : Arrow Button
2015-11-05 18:57:01,817 DEBUG [pool-1-thread-1] stencyl.core.lib.ResourceList: Initializing... 55 : Arrow Button
2015-11-05 18:57:01,820 DEBUG [pool-1-thread-1] stencyl.core.lib.ResourceList: Initializing... 57 : Arrow Button
2015-11-05 18:57:01,825 DEBUG [pool-1-thread-1] stencyl.core.lib.ResourceList: Initializing... 59 : Arrow Button
2015-11-05 18:57:01,830 DEBUG [pool-1-thread-1] stencyl.core.lib.ResourceList: Initializing... 61 : Arrow Button
2015-11-05 18:57:01,834 DEBUG [pool-1-thread-1] stencyl.core.lib.ResourceList: Initializing... 1 : Ball
2015-11-05 18:57:01,852 DEBUG [pool-1-thread-1] stencyl.core.lib.ResourceList: Initializing... 45 : Block
2015-11-05 18:57:01,852 DEBUG [pool-1-thread-1] stencyl.core.lib.ResourceList: Initializing... 46 : Block
2015-11-05 18:57:01,856 DEBUG [pool-1-thread-1] stencyl.core.lib.ResourceList: Initializing... 58 : Down Button
2015-11-05 18:57:01,857 DEBUG [pool-1-thread-1] stencyl.core.lib.ResourceList: Initializing... 50 : How to Play
2015-11-05 18:57:01,857 DEBUG [pool-1-thread-1] stencyl.core.lib.ResourceList: Initializing... 51 : How to Play
2015-11-05 18:57:01,867 DEBUG [pool-1-thread-1] stencyl.core.lib.ResourceList: Initializing... 56 : Left Button
2015-11-05 18:57:01,868 DEBUG [pool-1-thread-1] stencyl.core.lib.ResourceList: Initializing... 31 : Maze Set1
2015-11-05 18:57:01,884 DEBUG [pool-1-thread-1] stencyl.core.lib.ResourceList: Initializing... 62 : Music
2015-11-05 18:57:01,884 DEBUG [pool-1-thread-1] stencyl.core.lib.ResourceList: Initializing... 0 : Player
2015-11-05 18:57:01,885 DEBUG [pool-1-thread-1] stencyl.core.lib.ResourceList: Initializing... 54 : Right Button
2015-11-05 18:57:01,885 DEBUG [pool-1-thread-1] stencyl.core.lib.ResourceList: Initializing... 48 : Stairs
2015-11-05 18:57:01,885 DEBUG [pool-1-thread-1] stencyl.core.lib.ResourceList: Initializing... 49 : Stairs
2015-11-05 18:57:01,888 DEBUG [pool-1-thread-1] stencyl.core.lib.ResourceList: Initializing... 39 : Switch
2015-11-05 18:57:01,888 DEBUG [pool-1-thread-1] stencyl.core.lib.ResourceList: Initializing... 40 : Switch
2015-11-05 18:57:01,897 DEBUG [pool-1-thread-1] stencyl.core.lib.ResourceList: Initializing... 47 : Switch Activated
2015-11-05 18:57:01,897 DEBUG [pool-1-thread-1] stencyl.core.lib.ResourceList: Initializing... 52 : Up Button
2015-11-05 18:57:01,898 DEBUG [pool-1-thread-1] stencyl.core.engine.sound.ISoundClip: Loading Sound 47
2015-11-05 18:57:01,898 DEBUG [pool-1-thread-1] stencyl.core.engine.sound.ISoundClip: Loading Sound 62
2015-11-05 18:57:02,126 DEBUG [AWT-EventQueue-0] stencyl.core.lib.io.read.SceneReader: Reading header for Scene: 0 (Maze 1) from: scenes/0.xml
2015-11-05 18:57:02,151 DEBUG [AWT-EventQueue-0] stencyl.core.lib.io.read.SceneReader: Reading header for Scene: 0 (Maze 1) from: scenes/0.xml
2015-11-05 18:57:02,312 DEBUG [AWT-EventQueue-0] stencyl.sw.app.doc.Workspace: Activated: Dashboard
2015-11-05 18:57:02,314 DEBUG [AWT-EventQueue-0] stencyl.sw.util.FileHelper: Trying to delete file that does not exist: /private/var/folders/8s/mnd4n2894bdbrmz8ctlzw1dj36knmk/T/stencyl3767844588523929208/sandbox/build/code
2015-11-05 18:57:02,314 DEBUG [AWT-EventQueue-0] stencyl.sw.util.FileHelper: Deleting: /private/var/folders/8s/mnd4n2894bdbrmz8ctlzw1dj36knmk/T/stencyl3767844588523929208/sandbox/test/temp
2015-11-05 18:57:02,326 DEBUG [AWT-EventQueue-0] stencyl.core.lib.io.read.SceneReader: Reading header for Scene: 0 (Maze 1) from: scenes/0.xml
2015-11-05 18:57:02,466 DEBUG [AWT-EventQueue-0] stencyl.sw.app.tasks.OpenGameTask: Took 875ms
2015-11-05 18:57:02,614 DEBUG [AWT-EventQueue-0] stencyl.sw.editors.game.attributes.AttributeTree: Loading attribute into tree: firstTime
2015-11-05 18:57:02,720 DEBUG [AWT-EventQueue-0] stencyl.sw.editors.game.cgroups.CollisionGroupTree: Loading actor group into tree: Actors
2015-11-05 18:57:02,727 DEBUG [AWT-EventQueue-0] stencyl.sw.editors.game.cgroups.CollisionGroupTree: Loading actor group into tree: Doodads
2015-11-05 18:57:02,735 DEBUG [AWT-EventQueue-0] stencyl.sw.editors.game.cgroups.CollisionGroupTree: Loading actor group into tree: Players
2015-11-05 18:57:02,739 DEBUG [AWT-EventQueue-0] stencyl.sw.editors.game.cgroups.CollisionGroupTree: Loading actor group into tree: Regions
2015-11-05 18:57:02,749 DEBUG [AWT-EventQueue-0] stencyl.sw.editors.game.cgroups.CollisionGroupTree: Loading actor group into tree: Tiles
2015-11-05 18:57:03,799 DEBUG [AWT-EventQueue-0] stencyl.core.lib.Atlas: Getting memory for atlas 0
2015-11-05 18:57:03,800 DEBUG [AWT-EventQueue-0] stencyl.core.lib.Atlas: Added resource 'Player' to atlas 0
2015-11-05 18:57:03,800 DEBUG [AWT-EventQueue-0] stencyl.core.lib.Atlas: Added resource 'Maze Set1' to atlas 0
2015-11-05 18:57:03,800 DEBUG [AWT-EventQueue-0] stencyl.core.lib.Atlas: Added resource 'Switch' to atlas 0
2015-11-05 18:57:03,800 DEBUG [AWT-EventQueue-0] stencyl.core.lib.Atlas: Added resource 'Block' to atlas 0
2015-11-05 18:57:03,800 DEBUG [AWT-EventQueue-0] stencyl.core.lib.Atlas: Added resource 'Switch Activated' to atlas 0
2015-11-05 18:57:03,800 DEBUG [AWT-EventQueue-0] stencyl.core.lib.Atlas: Added resource 'Stairs' to atlas 0
2015-11-05 18:57:03,800 DEBUG [AWT-EventQueue-0] stencyl.core.lib.Atlas: Added resource 'How to Play' to atlas 0
2015-11-05 18:57:03,801 DEBUG [AWT-EventQueue-0] stencyl.core.lib.Atlas: Added resource 'Up Button' to atlas 0
2015-11-05 18:57:03,801 DEBUG [AWT-EventQueue-0] stencyl.core.lib.Atlas: Added resource 'Right Button' to atlas 0
2015-11-05 18:57:03,801 DEBUG [AWT-EventQueue-0] stencyl.core.lib.Atlas: Added resource 'Left Button' to atlas 0
2015-11-05 18:57:03,801 DEBUG [AWT-EventQueue-0] stencyl.core.lib.Atlas: Added resource 'Down Button' to atlas 0
2015-11-05 18:57:03,801 DEBUG [AWT-EventQueue-0] stencyl.core.lib.Atlas: Added resource 'Action Button' to atlas 0
2015-11-05 18:57:03,801 DEBUG [AWT-EventQueue-0] stencyl.core.lib.Atlas: Added resource 'Music' to atlas 0
2015-11-05 18:57:03,801 DEBUG [AWT-EventQueue-0] stencyl.core.lib.Atlas: Added resource 'Amari' to atlas 0
2015-11-05 18:57:03,810 DEBUG [AWT-EventQueue-0] stencyl.core.lib.Atlas: Getting memory for atlas 1
2015-11-05 18:57:03,816 DEBUG [AWT-EventQueue-0] stencyl.core.lib.Atlas: Getting memory for atlas 2
2015-11-05 18:57:03,822 DEBUG [AWT-EventQueue-0] stencyl.core.lib.Atlas: Getting memory for atlas 3
2015-11-05 18:57:03,825 DEBUG [AWT-EventQueue-0] stencyl.core.lib.Atlas: Getting memory for atlas 4
2015-11-05 18:57:03,833 DEBUG [AWT-EventQueue-0] stencyl.core.lib.Atlas: Getting memory for atlas 5
2015-11-05 18:57:03,840 DEBUG [AWT-EventQueue-0] stencyl.core.lib.Atlas: Getting memory for atlas 6
2015-11-05 18:57:03,845 DEBUG [AWT-EventQueue-0] stencyl.core.lib.Atlas: Getting memory for atlas 7
2015-11-05 18:57:03,852 DEBUG [AWT-EventQueue-0] stencyl.core.lib.Atlas: Getting memory for atlas 8
2015-11-05 18:57:03,859 DEBUG [AWT-EventQueue-0] stencyl.core.lib.Atlas: Getting memory for atlas 9
2015-11-05 18:57:03,864 DEBUG [AWT-EventQueue-0] stencyl.core.lib.Atlas: Getting memory for atlas 10
2015-11-05 18:57:03,868 DEBUG [AWT-EventQueue-0] stencyl.core.lib.Atlas: Getting memory for atlas 11
2015-11-05 18:57:03,871 DEBUG [AWT-EventQueue-0] stencyl.core.lib.Atlas: Getting memory for atlas 12
2015-11-05 18:57:03,876 DEBUG [AWT-EventQueue-0] stencyl.core.lib.Atlas: Getting memory for atlas 13
2015-11-05 18:57:03,879 DEBUG [AWT-EventQueue-0] stencyl.core.lib.Atlas: Getting memory for atlas 14
2015-11-05 18:57:03,883 DEBUG [AWT-EventQueue-0] stencyl.core.lib.Atlas: Getting memory for atlas 15
2015-11-05 18:57:03,885 DEBUG [AWT-EventQueue-0] stencyl.core.lib.Atlas: Getting memory for atlas 16
2015-11-05 18:57:03,889 DEBUG [AWT-EventQueue-0] stencyl.core.lib.Atlas: Getting memory for atlas 17
2015-11-05 18:57:03,892 DEBUG [AWT-EventQueue-0] stencyl.core.lib.Atlas: Getting memory for atlas 18
2015-11-05 18:57:03,895 DEBUG [AWT-EventQueue-0] stencyl.core.lib.Atlas: Getting memory for atlas 19
2015-11-05 18:57:03,899 DEBUG [AWT-EventQueue-0] stencyl.core.lib.Atlas: Getting memory for atlas 20
2015-11-05 18:57:03,902 DEBUG [AWT-EventQueue-0] stencyl.core.lib.Atlas: Getting memory for atlas 21
2015-11-05 18:57:03,905 DEBUG [AWT-EventQueue-0] stencyl.core.lib.Atlas: Getting memory for atlas 22
2015-11-05 18:57:03,908 DEBUG [AWT-EventQueue-0] stencyl.core.lib.Atlas: Getting memory for atlas 23
2015-11-05 18:57:03,911 DEBUG [AWT-EventQueue-0] stencyl.core.lib.Atlas: Getting memory for atlas 24
2015-11-05 18:57:03,915 DEBUG [AWT-EventQueue-0] stencyl.core.lib.Atlas: Getting memory for atlas 25
2015-11-05 18:57:03,917 DEBUG [AWT-EventQueue-0] stencyl.core.lib.Atlas: Getting memory for atlas 26
2015-11-05 18:57:03,920 DEBUG [AWT-EventQueue-0] stencyl.core.lib.Atlas: Getting memory for atlas 27
2015-11-05 18:57:03,923 DEBUG [AWT-EventQueue-0] stencyl.core.lib.Atlas: Getting memory for atlas 28
2015-11-05 18:57:03,926 DEBUG [AWT-EventQueue-0] stencyl.core.lib.Atlas: Getting memory for atlas 29
2015-11-05 18:57:03,929 DEBUG [AWT-EventQueue-0] stencyl.core.lib.Atlas: Getting memory for atlas 30
2015-11-05 18:57:03,932 DEBUG [AWT-EventQueue-0] stencyl.core.lib.Atlas: Getting memory for atlas 31
2015-11-05 18:57:03,987 DEBUG [AWT-EventQueue-0] stencyl.core.lib.io.read.SceneReader: Reading header for Scene: 0 (Maze 1) from: scenes/0.xml
2015-11-05 18:57:03,990 DEBUG [AWT-EventQueue-0] stencyl.core.lib.io.read.SceneReader: Reading header for Scene: 1 (Test Scene) from: scenes/1.xml
2015-11-05 18:57:22,204 DEBUG [AWT-EventQueue-0] stencyl.sw.app.App: Action: Test Game...
2015-11-05 18:57:22,208 INFO  [pool-1-thread-1] stencyl.sw.io.write.MasterWriter: Saving game in place.
2015-11-05 18:57:22,236 DEBUG [pool-1-thread-1] stencyl.sw.util.FileHelper: Saving backup file /Users/pome012/stencylworks/games/Dungeons/game.xml.bak.
2015-11-05 18:57:24,337 DEBUG [pool-1-thread-1] stencyl.sw.io.write.MasterWriter: Writing out local resources.
2015-11-05 18:57:24,348 DEBUG [pool-1-thread-1] stencyl.sw.util.FileHelper: Saving backup file /Users/pome012/stencylworks/games/Dungeons/resources/data.xml.bak.
2015-11-05 18:57:24,353 DEBUG [pool-1-thread-1] stencyl.sw.io.write.resource.SpriteWriter: Mark actor's sprite as clean (disk).
2015-11-05 18:57:24,354 DEBUG [pool-1-thread-1] stencyl.sw.io.write.resource.SpriteWriter: Mark actor's sprite as clean (disk).
2015-11-05 18:57:24,354 DEBUG [pool-1-thread-1] stencyl.sw.io.write.resource.SpriteWriter: Mark actor's sprite as clean (disk).
2015-11-05 18:57:24,354 DEBUG [pool-1-thread-1] stencyl.sw.io.write.resource.SpriteWriter: Mark actor's sprite as clean (disk).
2015-11-05 18:57:24,354 DEBUG [pool-1-thread-1] stencyl.sw.io.write.resource.SpriteWriter: Mark actor's sprite as clean (disk).
2015-11-05 18:57:24,355 DEBUG [pool-1-thread-1] stencyl.sw.io.write.resource.SpriteWriter: Mark actor's sprite as clean (disk).
2015-11-05 18:57:24,355 DEBUG [pool-1-thread-1] stencyl.sw.io.write.resource.SpriteWriter: Mark actor's sprite as clean (disk).
2015-11-05 18:57:24,355 DEBUG [pool-1-thread-1] stencyl.sw.io.write.resource.SpriteWriter: Mark actor's sprite as clean (disk).
2015-11-05 18:57:24,356 DEBUG [pool-1-thread-1] stencyl.sw.io.write.resource.SpriteWriter: Mark actor's sprite as clean (disk).
2015-11-05 18:57:24,357 DEBUG [pool-1-thread-1] stencyl.sw.io.write.resource.TilesetWriter: Mark tileset as clean (disk).
2015-11-05 18:57:24,358 DEBUG [pool-1-thread-1] stencyl.sw.io.write.resource.SpriteWriter: Mark actor's sprite as clean (disk).
2015-11-05 18:57:24,359 DEBUG [pool-1-thread-1] stencyl.sw.io.write.resource.SpriteWriter: Mark actor's sprite as clean (disk).
2015-11-05 18:57:24,376 DEBUG [pool-1-thread-1] stencyl.sw.io.write.MasterWriter: Writing out scenes.
2015-11-05 18:57:24,383 DEBUG [pool-1-thread-1] stencyl.sw.io.write.MasterWriter: Copying over snippets.
2015-11-05 18:57:24,392 DEBUG [pool-1-thread-1] stencyl.sw.util.FileHelper: Saving backup file /Users/pome012/stencylworks/games/Dungeons/snippets/list.xml.bak.
2015-11-05 18:57:24,559 WARN  [pool-2-thread-1] stencyl.sw.editors.snippet.designer.Definitions: Definitions:createGetVariableBlock - attributeGetBlocks (6 is mapped to null
2015-11-05 18:57:24,590 DEBUG [pool-2-thread-1] stencyl.sw.io.write.resource.SnippetsWriter: Writing Design Snippet to /Users/pome012/stencylworks/preview/scripts/Design_6_6_SwitchScene.hx. Took 33 ms.
2015-11-05 18:57:24,591 DEBUG [pool-2-thread-4] stencyl.sw.io.write.resource.SnippetsWriter: Writing Design Snippet to /Users/pome012/stencylworks/preview/scripts/Design_12_12_FadeOutandDieafterTime.hx. Took 33 ms.
2015-11-05 18:57:24,591 DEBUG [pool-2-thread-2] stencyl.sw.io.write.resource.SnippetsWriter: Writing Design Snippet to /Users/pome012/stencylworks/preview/scripts/Design_7_7_SwitchActivation.hx. Took 34 ms.
2015-11-05 18:57:24,593 DEBUG [pool-2-thread-2] stencyl.sw.io.write.resource.SnippetsWriter: Writing Design Snippet to /Users/pome012/stencylworks/preview/scripts/ActorEvents_52.hx. Took 2 ms.
2015-11-05 18:57:24,593 DEBUG [pool-2-thread-4] stencyl.sw.io.write.resource.SnippetsWriter: Writing Design Snippet to /Users/pome012/stencylworks/preview/scripts/SceneEvents_0.hx. Took 2 ms.
2015-11-05 18:57:24,594 DEBUG [pool-2-thread-1] stencyl.sw.io.write.resource.SnippetsWriter: Writing Design Snippet to /Users/pome012/stencylworks/preview/scripts/ActorEvents_0.hx. Took 3 ms.
2015-11-05 18:57:24,595 DEBUG [pool-2-thread-4] stencyl.sw.io.write.resource.SnippetsWriter: Writing Design Snippet to /Users/pome012/stencylworks/preview/scripts/ActorEvents_56.hx. Took 2 ms.
2015-11-05 18:57:24,595 DEBUG [pool-2-thread-2] stencyl.sw.io.write.resource.SnippetsWriter: Writing Design Snippet to /Users/pome012/stencylworks/preview/scripts/ActorEvents_54.hx. Took 2 ms.
2015-11-05 18:57:24,596 DEBUG [pool-2-thread-1] stencyl.sw.io.write.resource.SnippetsWriter: Writing Design Snippet to /Users/pome012/stencylworks/preview/scripts/ActorEvents_58.hx. Took 2 ms.
2015-11-05 18:57:24,598 DEBUG [pool-2-thread-3] stencyl.sw.io.write.resource.SnippetsWriter: Writing Design Snippet to /Users/pome012/stencylworks/preview/scripts/Design_10_10_4WayMovementAdvanced.hx. Took 41 ms.
2015-11-05 18:57:24,598 DEBUG [pool-2-thread-1] stencyl.sw.io.write.resource.SnippetsWriter: Writing Design Snippet to /Users/pome012/stencylworks/preview/scripts/ActorEvents_48.hx. Took 2 ms.
2015-11-05 18:57:24,598 DEBUG [pool-2-thread-2] stencyl.sw.io.write.resource.SnippetsWriter: Writing Design Snippet to /Users/pome012/stencylworks/preview/scripts/ActorEvents_60.hx. Took 2 ms.
2015-11-05 18:57:24,600 DEBUG [pool-2-thread-1] stencyl.sw.io.write.resource.SnippetsWriter: Writing Design Snippet to /Users/pome012/stencylworks/preview/scripts/ActorEvents_63.hx. Took 2 ms.
2015-11-05 18:57:24,600 DEBUG [pool-2-thread-2] stencyl.sw.io.write.resource.SnippetsWriter: Writing Design Snippet to /Users/pome012/stencylworks/preview/scripts/ActorEvents_45.hx. Took 2 ms.
2015-11-05 18:57:24,601 DEBUG [pool-2-thread-1] stencyl.sw.io.write.resource.SnippetsWriter: Writing Design Snippet to /Users/pome012/stencylworks/preview/scripts/SceneEvents_1.hx. Took 1 ms.
2015-11-05 18:57:24,602 DEBUG [pool-2-thread-2] stencyl.sw.io.write.resource.SnippetsWriter: Writing Design Snippet to /Users/pome012/stencylworks/preview/scripts/ActorEvents_39.hx. Took 1 ms.
2015-11-05 18:57:24,604 DEBUG [pool-2-thread-4] stencyl.sw.io.write.resource.SnippetsWriter: Writing Design Snippet to /Users/pome012/stencylworks/preview/scripts/Design_22_22_CameraFollow.hx. Took 8 ms.
2015-11-05 18:57:24,614 DEBUG [pool-2-thread-3] stencyl.sw.io.write.resource.SnippetsWriter: Writing Design Snippet to /Users/pome012/stencylworks/preview/scripts/Design_26_26_OnScreenButton.hx. Took 16 ms.
2015-11-05 18:57:24,615 DEBUG [pool-1-thread-1] stencyl.sw.io.write.MasterWriter: Saving block favorites.
2015-11-05 18:57:24,633 INFO  [pool-1-thread-1] stencyl.sw.io.write.MasterWriter: Done writing game.
2015-11-05 18:57:24,684 INFO  [pool-1-thread-1] stencyl.sw.io.write.MasterWriter: Saving game in place.
2015-11-05 18:57:24,687 DEBUG [pool-1-thread-1] stencyl.sw.util.FileHelper: Saving backup file /Users/pome012/stencylworks/games/Dungeons/game.xml.bak.
2015-11-05 18:57:26,592 DEBUG [pool-1-thread-1] stencyl.sw.io.write.MasterWriter: Writing out local resources.
2015-11-05 18:57:26,596 DEBUG [pool-1-thread-1] stencyl.sw.util.FileHelper: Saving backup file /Users/pome012/stencylworks/games/Dungeons/resources/data.xml.bak.
2015-11-05 18:57:26,597 DEBUG [pool-1-thread-1] stencyl.sw.io.write.resource.SpriteWriter: Mark actor's sprite as clean (disk).
2015-11-05 18:57:26,598 DEBUG [pool-1-thread-1] stencyl.sw.io.write.resource.SpriteWriter: Mark actor's sprite as clean (disk).
2015-11-05 18:57:26,598 DEBUG [pool-1-thread-1] stencyl.sw.io.write.resource.SpriteWriter: Mark actor's sprite as clean (disk).
2015-11-05 18:57:26,598 DEBUG [pool-1-thread-1] stencyl.sw.io.write.resource.SpriteWriter: Mark actor's sprite as clean (disk).
2015-11-05 18:57:26,598 DEBUG [pool-1-thread-1] stencyl.sw.io.write.resource.SpriteWriter: Mark actor's sprite as clean (disk).
2015-11-05 18:57:26,598 DEBUG [pool-1-thread-1] stencyl.sw.io.write.resource.SpriteWriter: Mark actor's sprite as clean (disk).
2015-11-05 18:57:26,599 DEBUG [pool-1-thread-1] stencyl.sw.io.write.resource.SpriteWriter: Mark actor's sprite as clean (disk).
2015-11-05 18:57:26,599 DEBUG [pool-1-thread-1] stencyl.sw.io.write.resource.SpriteWriter: Mark actor's sprite as clean (disk).
2015-11-05 18:57:26,599 DEBUG [pool-1-thread-1] stencyl.sw.io.write.resource.SpriteWriter: Mark actor's sprite as clean (disk).
2015-11-05 18:57:26,600 DEBUG [pool-1-thread-1] stencyl.sw.io.write.resource.TilesetWriter: Mark tileset as clean (disk).
2015-11-05 18:57:26,601 DEBUG [pool-1-thread-1] stencyl.sw.io.write.resource.SpriteWriter: Mark actor's sprite as clean (disk).
2015-11-05 18:57:26,601 DEBUG [pool-1-thread-1] stencyl.sw.io.write.resource.SpriteWriter: Mark actor's sprite as clean (disk).
2015-11-05 18:57:26,606 DEBUG [pool-1-thread-1] stencyl.sw.io.write.MasterWriter: Writing out scenes.
2015-11-05 18:57:26,607 DEBUG [pool-1-thread-1] stencyl.sw.io.write.MasterWriter: Copying over snippets.
2015-11-05 18:57:26,611 DEBUG [pool-1-thread-1] stencyl.sw.util.FileHelper: Saving backup file /Users/pome012/stencylworks/games/Dungeons/snippets/list.xml.bak.
2015-11-05 18:57:26,696 DEBUG [pool-3-thread-2] stencyl.sw.io.write.resource.SnippetsWriter: Writing Design Snippet to /Users/pome012/stencylworks/preview/scripts/Design_7_7_SwitchActivation.hx. Took 3 ms.
2015-11-05 18:57:26,696 DEBUG [pool-3-thread-1] stencyl.sw.io.write.resource.SnippetsWriter: Writing Design Snippet to /Users/pome012/stencylworks/preview/scripts/Design_6_6_SwitchScene.hx. Took 3 ms.
2015-11-05 18:57:26,701 DEBUG [pool-3-thread-2] stencyl.sw.io.write.resource.SnippetsWriter: Writing Design Snippet to /Users/pome012/stencylworks/preview/scripts/ActorEvents_0.hx. Took 2 ms.
2015-11-05 18:57:26,701 DEBUG [pool-3-thread-4] stencyl.sw.io.write.resource.SnippetsWriter: Writing Design Snippet to /Users/pome012/stencylworks/preview/scripts/Design_12_12_FadeOutandDieafterTime.hx. Took 3 ms.
2015-11-05 18:57:26,703 DEBUG [pool-3-thread-1] stencyl.sw.io.write.resource.SnippetsWriter: Writing Design Snippet to /Users/pome012/stencylworks/preview/scripts/SceneEvents_0.hx. Took 2 ms.
2015-11-05 18:57:26,704 DEBUG [pool-3-thread-4] stencyl.sw.io.write.resource.SnippetsWriter: Writing Design Snippet to /Users/pome012/stencylworks/preview/scripts/ActorEvents_54.hx. Took 1 ms.
2015-11-05 18:57:26,705 DEBUG [pool-3-thread-1] stencyl.sw.io.write.resource.SnippetsWriter: Writing Design Snippet to /Users/pome012/stencylworks/preview/scripts/ActorEvents_56.hx. Took 2 ms.
2015-11-05 18:57:26,706 DEBUG [pool-3-thread-3] stencyl.sw.io.write.resource.SnippetsWriter: Writing Design Snippet to /Users/pome012/stencylworks/preview/scripts/Design_10_10_4WayMovementAdvanced.hx. Took 13 ms.
2015-11-05 18:57:26,706 DEBUG [pool-3-thread-2] stencyl.sw.io.write.resource.SnippetsWriter: Writing Design Snippet to /Users/pome012/stencylworks/preview/scripts/ActorEvents_52.hx. Took 0 ms.
2015-11-05 18:57:26,707 DEBUG [pool-3-thread-3] stencyl.sw.io.write.resource.SnippetsWriter: Writing Design Snippet to /Users/pome012/stencylworks/preview/scripts/ActorEvents_60.hx. Took 1 ms.
2015-11-05 18:57:26,708 DEBUG [pool-3-thread-2] stencyl.sw.io.write.resource.SnippetsWriter: Writing Design Snippet to /Users/pome012/stencylworks/preview/scripts/ActorEvents_48.hx. Took 1 ms.
2015-11-05 18:57:26,706 DEBUG [pool-3-thread-4] stencyl.sw.io.write.resource.SnippetsWriter: Writing Design Snippet to /Users/pome012/stencylworks/preview/scripts/ActorEvents_58.hx. Took 2 ms.
2015-11-05 18:57:26,710 DEBUG [pool-3-thread-1] stencyl.sw.io.write.resource.SnippetsWriter: Writing Design Snippet to /Users/pome012/stencylworks/preview/scripts/Design_22_22_CameraFollow.hx. Took 5 ms.
2015-11-05 18:57:26,712 DEBUG [pool-3-thread-1] stencyl.sw.io.write.resource.SnippetsWriter: Writing Design Snippet to /Users/pome012/stencylworks/preview/scripts/ActorEvents_45.hx. Took 1 ms.
2015-11-05 18:57:26,712 DEBUG [pool-3-thread-4] stencyl.sw.io.write.resource.SnippetsWriter: Writing Design Snippet to /Users/pome012/stencylworks/preview/scripts/ActorEvents_63.hx. Took 1 ms.
2015-11-05 18:57:26,715 DEBUG [pool-3-thread-1] stencyl.sw.io.write.resource.SnippetsWriter: Writing Design Snippet to /Users/pome012/stencylworks/preview/scripts/ActorEvents_39.hx. Took 2 ms.
2015-11-05 18:57:26,715 DEBUG [pool-3-thread-4] stencyl.sw.io.write.resource.SnippetsWriter: Writing Design Snippet to /Users/pome012/stencylworks/preview/scripts/SceneEvents_1.hx. Took 2 ms.
2015-11-05 18:57:26,720 DEBUG [pool-3-thread-3] stencyl.sw.io.write.resource.SnippetsWriter: Writing Design Snippet to /Users/pome012/stencylworks/preview/scripts/Design_26_26_OnScreenButton.hx. Took 13 ms.
2015-11-05 18:57:26,720 DEBUG [pool-1-thread-1] stencyl.sw.io.write.MasterWriter: Saving block favorites.
2015-11-05 18:57:26,723 INFO  [pool-1-thread-1] stencyl.sw.io.write.MasterWriter: Done writing game.
2015-11-05 18:57:26,759 INFO  [AWT-EventQueue-0] stencyl.sw.io.write.resource.HXWriter: Building game with arguments: FLASH, TESTING
2015-11-05 18:57:26,760 DEBUG [AWT-EventQueue-0] stencyl.sw.util.Util: Running command: [killall, neko]
2015-11-05 18:57:26,771 DEBUG [Thread-8] stencyl.sw.util.StreamGobbler: [killall] No matching processes belonging to you were found
2015-11-05 18:57:26,772 DEBUG [AWT-EventQueue-0] stencyl.sw.util.Util: Process 'killall' exited with code: 1
2015-11-05 18:57:26,772 DEBUG [AWT-EventQueue-0] stencyl.sw.util.Util: Running command: [killall, adb]
2015-11-05 18:57:26,785 DEBUG [Thread-9] stencyl.sw.util.StreamGobbler: [killall] No matching processes belonging to you were found
2015-11-05 18:57:26,785 DEBUG [AWT-EventQueue-0] stencyl.sw.util.Util: Process 'killall' exited with code: 1
2015-11-05 18:57:26,785 DEBUG [AWT-EventQueue-0] stencyl.sw.util.Util: Running command: [killall, arm-linux-androideabi-g++]
2015-11-05 18:57:26,797 DEBUG [Thread-10] stencyl.sw.util.StreamGobbler: [killall] No matching processes belonging to you were found
2015-11-05 18:57:26,797 DEBUG [AWT-EventQueue-0] stencyl.sw.util.Util: Process 'killall' exited with code: 1
2015-11-05 18:57:26,798 DEBUG [AWT-EventQueue-0] stencyl.sw.util.Util: Running command: [killall, cc1plus]
2015-11-05 18:57:26,809 DEBUG [Thread-11] stencyl.sw.util.StreamGobbler: [killall] No matching processes belonging to you were found
2015-11-05 18:57:26,809 DEBUG [AWT-EventQueue-0] stencyl.sw.util.Util: Process 'killall' exited with code: 1
2015-11-05 18:57:26,810 DEBUG [AWT-EventQueue-0] stencyl.sw.util.Util: Running command: [killall, tail]
2015-11-05 18:57:26,821 DEBUG [Thread-12] stencyl.sw.util.StreamGobbler: [killall] No matching processes belonging to you were found
2015-11-05 18:57:26,822 DEBUG [AWT-EventQueue-0] stencyl.sw.util.Util: Process 'killall' exited with code: 1
2015-11-05 18:57:26,822 DEBUG [AWT-EventQueue-0] stencyl.sw.util.Util: Running command: [killall, ios-sim]
2015-11-05 18:57:26,835 DEBUG [Thread-13] stencyl.sw.util.StreamGobbler: [killall] No matching processes belonging to you were found
2015-11-05 18:57:26,835 DEBUG [AWT-EventQueue-0] stencyl.sw.util.Util: Process 'killall' exited with code: 1
2015-11-05 18:57:26,838 DEBUG [AWT-EventQueue-0] stencyl.sw.util.FileHelper: Deleting: /Users/pome012/Library/Preferences/Macromedia/Flash Player/Logs/flashlog.txt
2015-11-05 18:57:26,841 DEBUG [pool-1-thread-2] stencyl.sw.util.FileHelper: Deleting: /Users/pome012/stencylworks/games-generated/Dungeons/Assets/graphics
2015-11-05 18:57:26,943 DEBUG [pool-1-thread-2] stencyl.sw.util.FileHelper: Trying to delete file that does not exist: /Users/pome012/stencylworks/games-generated/Dungeons/Export/iPhone/build
2015-11-05 18:57:26,943 DEBUG [pool-1-thread-2] stencyl.sw.util.FileHelper: Trying to delete file that does not exist: /Users/pome012/stencylworks/games-generated/Dungeons/Export/cpp/mac/bin
2015-11-05 18:57:27,006 DEBUG [pool-1-thread-2] stencyl.sw.io.write.resource.HXWriter: Copying graphics for scale: 1x
2015-11-05 18:57:27,013 DEBUG [pool-1-thread-2] stencyl.sw.io.write.resource.HXWriter: Copying graphics for scale: 1.5x
2015-11-05 18:57:27,042 DEBUG [pool-1-thread-2] stencyl.sw.io.write.resource.HXWriter: Copying graphics for scale: 2x
2015-11-05 18:57:27,073 DEBUG [pool-1-thread-2] stencyl.sw.io.write.resource.HXWriter: Copying graphics for scale: 3x
2015-11-05 18:57:27,100 DEBUG [pool-1-thread-2] stencyl.sw.io.write.resource.HXWriter: Copying graphics for scale: 4x
2015-11-05 18:57:27,130 DEBUG [pool-1-thread-2] stencyl.sw.io.write.resource.HXWriter: Skipping... Player
2015-11-05 18:57:27,130 DEBUG [pool-1-thread-2] stencyl.sw.io.write.resource.HXWriter: Copying graphics for scale: 1x
2015-11-05 18:57:27,132 DEBUG [pool-1-thread-2] stencyl.sw.io.write.resource.HXWriter: Copying graphics for scale: 1.5x
2015-11-05 18:57:27,146 DEBUG [pool-1-thread-2] stencyl.sw.io.write.resource.HXWriter: Copying graphics for scale: 2x
2015-11-05 18:57:27,171 DEBUG [pool-1-thread-2] stencyl.sw.io.write.resource.HXWriter: Copying graphics for scale: 3x
2015-11-05 18:57:27,177 DEBUG [pool-1-thread-2] stencyl.sw.io.write.resource.HXWriter: Copying graphics for scale: 4x
2015-11-05 18:57:27,189 DEBUG [pool-1-thread-2] stencyl.sw.io.write.resource.HXWriter: Copying graphics for scale: 1x
2015-11-05 18:57:27,190 DEBUG [pool-1-thread-2] stencyl.sw.io.write.resource.HXWriter: Copying graphics for scale: 1.5x
2015-11-05 18:57:27,193 DEBUG [pool-1-thread-2] stencyl.sw.io.write.resource.HXWriter: Copying graphics for scale: 2x
2015-11-05 18:57:27,197 DEBUG [pool-1-thread-2] stencyl.sw.io.write.resource.HXWriter: Copying graphics for scale: 3x
2015-11-05 18:57:27,202 DEBUG [pool-1-thread-2] stencyl.sw.io.write.resource.HXWriter: Copying graphics for scale: 4x
2015-11-05 18:57:27,206 DEBUG [pool-1-thread-2] stencyl.sw.io.write.resource.HXWriter: Skipping... Switch
2015-11-05 18:57:27,207 DEBUG [pool-1-thread-2] stencyl.sw.io.write.resource.HXWriter: Copying graphics for scale: 1x
2015-11-05 18:57:27,208 DEBUG [pool-1-thread-2] stencyl.sw.io.write.resource.HXWriter: Copying graphics for scale: 1.5x
2015-11-05 18:57:27,211 DEBUG [pool-1-thread-2] stencyl.sw.io.write.resource.HXWriter: Copying graphics for scale: 2x
2015-11-05 18:57:27,219 DEBUG [pool-1-thread-2] stencyl.sw.io.write.resource.HXWriter: Copying graphics for scale: 3x
2015-11-05 18:57:27,223 DEBUG [pool-1-thread-2] stencyl.sw.io.write.resource.HXWriter: Copying graphics for scale: 4x
2015-11-05 18:57:27,230 DEBUG [pool-1-thread-2] stencyl.sw.io.write.resource.HXWriter: Skipping... Block
2015-11-05 18:57:27,231 DEBUG [pool-1-thread-2] stencyl.sw.io.write.resource.HXWriter: Copying graphics for scale: 1x
2015-11-05 18:57:27,231 DEBUG [pool-1-thread-2] stencyl.sw.io.write.resource.HXWriter: Copying graphics for scale: 1.5x
2015-11-05 18:57:27,234 DEBUG [pool-1-thread-2] stencyl.sw.io.write.resource.HXWriter: Copying graphics for scale: 2x
2015-11-05 18:57:27,238 DEBUG [pool-1-thread-2] stencyl.sw.io.write.resource.HXWriter: Copying graphics for scale: 3x
2015-11-05 18:57:27,242 DEBUG [pool-1-thread-2] stencyl.sw.io.write.resource.HXWriter: Copying graphics for scale: 4x
2015-11-05 18:57:27,251 DEBUG [pool-1-thread-2] stencyl.sw.io.write.resource.HXWriter: Skipping... Stairs
2015-11-05 18:57:27,252 DEBUG [pool-1-thread-2] stencyl.sw.io.write.resource.HXWriter: Copying graphics for scale: 1x
2015-11-05 18:57:27,252 DEBUG [pool-1-thread-2] stencyl.sw.io.write.resource.HXWriter: Copying graphics for scale: 1.5x
2015-11-05 18:57:27,253 DEBUG [pool-1-thread-2] stencyl.sw.io.write.resource.HXWriter: Copying graphics for scale: 2x
2015-11-05 18:57:27,255 DEBUG [pool-1-thread-2] stencyl.sw.io.write.resource.HXWriter: Copying graphics for scale: 3x
2015-11-05 18:57:27,256 DEBUG [pool-1-thread-2] stencyl.sw.io.write.resource.HXWriter: Copying graphics for scale: 4x
2015-11-05 18:57:27,257 DEBUG [pool-1-thread-2] stencyl.sw.io.write.resource.HXWriter: Skipping... How to Play
2015-11-05 18:57:27,257 DEBUG [pool-1-thread-2] stencyl.sw.io.write.resource.HXWriter: Copying graphics for scale: 1x
2015-11-05 18:57:27,258 DEBUG [pool-1-thread-2] stencyl.sw.io.write.resource.HXWriter: Copying graphics for scale: 1.5x
2015-11-05 18:57:27,259 DEBUG [pool-1-thread-2] stencyl.sw.io.write.resource.HXWriter: Copying graphics for scale: 2x
2015-11-05 18:57:27,261 DEBUG [pool-1-thread-2] stencyl.sw.io.write.resource.HXWriter: Copying graphics for scale: 3x
2015-11-05 18:57:27,266 DEBUG [pool-1-thread-2] stencyl.sw.io.write.resource.HXWriter: Copying graphics for scale: 4x
2015-11-05 18:57:27,270 DEBUG [pool-1-thread-2] stencyl.sw.io.write.resource.HXWriter: Skipping... Up Button
2015-11-05 18:57:27,270 DEBUG [pool-1-thread-2] stencyl.sw.io.write.resource.HXWriter: Copying graphics for scale: 1x
2015-11-05 18:57:27,271 DEBUG [pool-1-thread-2] stencyl.sw.io.write.resource.HXWriter: Copying graphics for scale: 1.5x
2015-11-05 18:57:27,274 DEBUG [pool-1-thread-2] stencyl.sw.io.write.resource.HXWriter: Copying graphics for scale: 2x
2015-11-05 18:57:27,275 DEBUG [pool-1-thread-2] stencyl.sw.io.write.resource.HXWriter: Copying graphics for scale: 3x
2015-11-05 18:57:27,279 DEBUG [pool-1-thread-2] stencyl.sw.io.write.resource.HXWriter: Copying graphics for scale: 4x
2015-11-05 18:57:27,283 DEBUG [pool-1-thread-2] stencyl.sw.io.write.resource.HXWriter: Skipping... Right Button
2015-11-05 18:57:27,283 DEBUG [pool-1-thread-2] stencyl.sw.io.write.resource.HXWriter: Copying graphics for scale: 1x
2015-11-05 18:57:27,283 DEBUG [pool-1-thread-2] stencyl.sw.io.write.resource.HXWriter: Copying graphics for scale: 1.5x
2015-11-05 18:57:27,286 DEBUG [pool-1-thread-2] stencyl.sw.io.write.resource.HXWriter: Copying graphics for scale: 2x
2015-11-05 18:57:27,290 DEBUG [pool-1-thread-2] stencyl.sw.io.write.resource.HXWriter: Copying graphics for scale: 3x
2015-11-05 18:57:27,294 DEBUG [pool-1-thread-2] stencyl.sw.io.write.resource.HXWriter: Copying graphics for scale: 4x
2015-11-05 18:57:27,296 DEBUG [pool-1-thread-2] stencyl.sw.io.write.resource.HXWriter: Skipping... Left Button
2015-11-05 18:57:27,296 DEBUG [pool-1-thread-2] stencyl.sw.io.write.resource.HXWriter: Copying graphics for scale: 1x
2015-11-05 18:57:27,296 DEBUG [pool-1-thread-2] stencyl.sw.io.write.resource.HXWriter: Copying graphics for scale: 1.5x
2015-11-05 18:57:27,297 DEBUG [pool-1-thread-2] stencyl.sw.io.write.resource.HXWriter: Copying graphics for scale: 2x
2015-11-05 18:57:27,298 DEBUG [pool-1-thread-2] stencyl.sw.io.write.resource.HXWriter: Copying graphics for scale: 3x
2015-11-05 18:57:27,300 DEBUG [pool-1-thread-2] stencyl.sw.io.write.resource.HXWriter: Copying graphics for scale: 4x
2015-11-05 18:57:27,301 DEBUG [pool-1-thread-2] stencyl.sw.io.write.resource.HXWriter: Skipping... Down Button
2015-11-05 18:57:27,301 DEBUG [pool-1-thread-2] stencyl.sw.io.write.resource.HXWriter: Copying graphics for scale: 1x
2015-11-05 18:57:27,302 DEBUG [pool-1-thread-2] stencyl.sw.io.write.resource.HXWriter: Copying graphics for scale: 1.5x
2015-11-05 18:57:27,304 DEBUG [pool-1-thread-2] stencyl.sw.io.write.resource.HXWriter: Copying graphics for scale: 2x
2015-11-05 18:57:27,307 DEBUG [pool-1-thread-2] stencyl.sw.io.write.resource.HXWriter: Copying graphics for scale: 3x
2015-11-05 18:57:27,309 DEBUG [pool-1-thread-2] stencyl.sw.io.write.resource.HXWriter: Copying graphics for scale: 4x
2015-11-05 18:57:27,310 DEBUG [pool-1-thread-2] stencyl.sw.io.write.resource.HXWriter: Skipping... Action Button
2015-11-05 18:57:27,310 DEBUG [pool-1-thread-2] stencyl.sw.io.write.resource.HXWriter: Copying graphics for scale: 1x
2015-11-05 18:57:27,311 DEBUG [pool-1-thread-2] stencyl.sw.io.write.resource.HXWriter: Copying graphics for scale: 1.5x
2015-11-05 18:57:27,312 DEBUG [pool-1-thread-2] stencyl.sw.io.write.resource.HXWriter: Copying graphics for scale: 2x
2015-11-05 18:57:27,313 DEBUG [pool-1-thread-2] stencyl.sw.io.write.resource.HXWriter: Copying graphics for scale: 3x
2015-11-05 18:57:27,317 DEBUG [pool-1-thread-2] stencyl.sw.io.write.resource.HXWriter: Copying graphics for scale: 4x
2015-11-05 18:57:27,328 DEBUG [pool-1-thread-2] stencyl.sw.io.write.resource.HXWriter: Skipping... Amari
2015-11-05 18:57:27,328 DEBUG [pool-1-thread-2] stencyl.sw.util.FileHelper: Deleting: /Users/pome012/stencylworks/games-generated/Dungeons/Assets/graphics/3x
2015-11-05 18:57:27,346 DEBUG [pool-1-thread-2] stencyl.sw.util.FileHelper: Saving backup file /Users/pome012/stencylworks/games/Dungeons/game.xml.bak.
2015-11-05 18:57:28,652 DEBUG [pool-1-thread-2] stencyl.sw.io.write.resource.HXWriter: Skipping... Player
2015-11-05 18:57:28,653 DEBUG [pool-1-thread-2] stencyl.sw.io.write.resource.HXWriter: Skipping... Switch
2015-11-05 18:57:28,653 DEBUG [pool-1-thread-2] stencyl.sw.io.write.resource.HXWriter: Skipping... Block
2015-11-05 18:57:28,653 DEBUG [pool-1-thread-2] stencyl.sw.io.write.resource.HXWriter: Skipping... Stairs
2015-11-05 18:57:28,653 DEBUG [pool-1-thread-2] stencyl.sw.io.write.resource.HXWriter: Skipping... How to Play
2015-11-05 18:57:28,653 DEBUG [pool-1-thread-2] stencyl.sw.io.write.resource.HXWriter: Skipping... Up Button
2015-11-05 18:57:28,653 DEBUG [pool-1-thread-2] stencyl.sw.io.write.resource.HXWriter: Skipping... Right Button
2015-11-05 18:57:28,653 DEBUG [pool-1-thread-2] stencyl.sw.io.write.resource.HXWriter: Skipping... Left Button
2015-11-05 18:57:28,653 DEBUG [pool-1-thread-2] stencyl.sw.io.write.resource.HXWriter: Skipping... Down Button
2015-11-05 18:57:28,653 DEBUG [pool-1-thread-2] stencyl.sw.io.write.resource.HXWriter: Skipping... Action Button
2015-11-05 18:57:28,653 DEBUG [pool-1-thread-2] stencyl.sw.io.write.resource.HXWriter: Skipping... Amari
2015-11-05 18:57:28,712 DEBUG [pool-1-thread-2] stencyl.sw.util.Util: Running command: [/Users/pome012/Desktop/Stencyl-full (1)/plaf/haxe/haxelib, run, openfl, -verbose, build, -debug, project.xml, flash]
2015-11-05 18:57:29,159 INFO  [Thread-14] stencyl.sw.util.StreamGobbler: [haxelib] OpenFL Command-Line Tools (3.3.8-LPNIQF)
2015-11-05 18:57:29,160 INFO  [Thread-14] stencyl.sw.util.StreamGobbler: [haxelib] Initializing project...
2015-11-05 18:57:29,160 INFO  [Thread-14] stencyl.sw.util.StreamGobbler: [haxelib] Using project file: project.xml
2015-11-05 18:57:29,160 INFO  [Thread-14] stencyl.sw.util.StreamGobbler: [haxelib] Reading HXCPP config: /Users/pome012/.hxcpp_config.xml
2015-11-05 18:57:29,418 INFO  [Thread-14] stencyl.sw.util.StreamGobbler: [haxelib] Using target platform: FLASH
2015-11-05 18:57:29,419 INFO  [Thread-14] stencyl.sw.util.StreamGobbler: [haxelib] Running command: UPDATE
2015-11-05 18:57:29,419 DEBUG [Thread-14] stencyl.sw.util.StreamGobbler: [haxelib]  - Embedding asset: (IMAGE) Assets/graphics/1.5x/sprite-1-0.png
2015-11-05 18:57:29,420 DEBUG [Thread-14] stencyl.sw.util.StreamGobbler: [haxelib]  - Embedding asset: (IMAGE) Assets/graphics/1.5x/sprite-1-1.png
2015-11-05 18:57:29,420 DEBUG [Thread-14] stencyl.sw.util.StreamGobbler: [haxelib]  - Embedding asset: (IMAGE) Assets/graphics/1.5x/sprite-1-2.png
2015-11-05 18:57:29,420 DEBUG [Thread-14] stencyl.sw.util.StreamGobbler: [haxelib]  - Embedding asset: (IMAGE) Assets/graphics/1.5x/sprite-1-3.png
2015-11-05 18:57:29,420 DEBUG [Thread-14] stencyl.sw.util.StreamGobbler: [haxelib]  - Embedding asset: (IMAGE) Assets/graphics/1.5x/sprite-40-0.png
2015-11-05 18:57:29,420 DEBUG [Thread-14] stencyl.sw.util.StreamGobbler: [haxelib]  - Embedding asset: (IMAGE) Assets/graphics/1.5x/sprite-40-4.png
2015-11-05 18:57:29,421 DEBUG [Thread-14] stencyl.sw.util.StreamGobbler: [haxelib]  - Embedding asset: (IMAGE) Assets/graphics/1.5x/sprite-46-0.png
2015-11-05 18:57:29,421 DEBUG [Thread-14] stencyl.sw.util.StreamGobbler: [haxelib]  - Embedding asset: (IMAGE) Assets/graphics/1.5x/sprite-49-0.png
2015-11-05 18:57:29,421 DEBUG [Thread-14] stencyl.sw.util.StreamGobbler: [haxelib]  - Embedding asset: (IMAGE) Assets/graphics/1.5x/sprite-51-0.png
2015-11-05 18:57:29,421 DEBUG [Thread-14] stencyl.sw.util.StreamGobbler: [haxelib]  - Embedding asset: (IMAGE) Assets/graphics/1.5x/sprite-53-0.png
2015-11-05 18:57:29,421 DEBUG [Thread-14] stencyl.sw.util.StreamGobbler: [haxelib]  - Embedding asset: (IMAGE) Assets/graphics/1.5x/sprite-55-0.png
2015-11-05 18:57:29,421 DEBUG [Thread-14] stencyl.sw.util.StreamGobbler: [haxelib]  - Embedding asset: (IMAGE) Assets/graphics/1.5x/sprite-57-0.png
2015-11-05 18:57:29,421 DEBUG [Thread-14] stencyl.sw.util.StreamGobbler: [haxelib]  - Embedding asset: (IMAGE) Assets/graphics/1.5x/sprite-59-0.png
2015-11-05 18:57:29,421 DEBUG [Thread-14] stencyl.sw.util.StreamGobbler: [haxelib]  - Embedding asset: (IMAGE) Assets/graphics/1.5x/sprite-61-0.png
2015-11-05 18:57:29,422 DEBUG [Thread-14] stencyl.sw.util.StreamGobbler: [haxelib]  - Embedding asset: (IMAGE) Assets/graphics/1.5x/sprite-64-0.png
2015-11-05 18:57:29,422 DEBUG [Thread-14] stencyl.sw.util.StreamGobbler: [haxelib]  - Embedding asset: (IMAGE) Assets/graphics/1.5x/sprite-64-1.png
2015-11-05 18:57:29,422 DEBUG [Thread-14] stencyl.sw.util.StreamGobbler: [haxelib]  - Embedding asset: (IMAGE) Assets/graphics/1.5x/sprite-64-2.png
2015-11-05 18:57:29,422 DEBUG [Thread-14] stencyl.sw.util.StreamGobbler: [haxelib]  - Embedding asset: (IMAGE) Assets/graphics/1.5x/sprite-64-3.png
2015-11-05 18:57:29,422 DEBUG [Thread-14] stencyl.sw.util.StreamGobbler: [haxelib]  - Embedding asset: (IMAGE) Assets/graphics/1.5x/sprite-64-4.png
2015-11-05 18:57:29,422 DEBUG [Thread-14] stencyl.sw.util.StreamGobbler: [haxelib]  - Embedding asset: (IMAGE) Assets/graphics/1.5x/sprite-64-5.png
2015-11-05 18:57:29,422 DEBUG [Thread-14] stencyl.sw.util.StreamGobbler: [haxelib]  - Embedding asset: (IMAGE) Assets/graphics/1.5x/sprite-64-6.png
2015-11-05 18:57:29,422 DEBUG [Thread-14] stencyl.sw.util.StreamGobbler: [haxelib]  - Embedding asset: (IMAGE) Assets/graphics/1.5x/sprite-64-7.png
2015-11-05 18:57:29,423 DEBUG [Thread-14] stencyl.sw.util.StreamGobbler: [haxelib]  - Embedding asset: (IMAGE) Assets/graphics/1.5x/tileset-31.png
2015-11-05 18:57:29,423 DEBUG [Thread-14] stencyl.sw.util.StreamGobbler: [haxelib]  - Embedding asset: (IMAGE) Assets/graphics/1x/sprite-1-0.png
2015-11-05 18:57:29,423 DEBUG [Thread-14] stencyl.sw.util.StreamGobbler: [haxelib]  - Embedding asset: (IMAGE) Assets/graphics/1x/sprite-1-1.png
2015-11-05 18:57:29,423 DEBUG [Thread-14] stencyl.sw.util.StreamGobbler: [haxelib]  - Embedding asset: (IMAGE) Assets/graphics/1x/sprite-1-2.png
2015-11-05 18:57:29,423 DEBUG [Thread-14] stencyl.sw.util.StreamGobbler: [haxelib]  - Embedding asset: (IMAGE) Assets/graphics/1x/sprite-1-3.png
2015-11-05 18:57:29,425 DEBUG [Thread-14] stencyl.sw.util.StreamGobbler: [haxelib]  - Embedding asset: (IMAGE) Assets/graphics/1x/sprite-40-0.png
2015-11-05 18:57:29,425 DEBUG [Thread-14] stencyl.sw.util.StreamGobbler: [haxelib]  - Embedding asset: (IMAGE) Assets/graphics/1x/sprite-40-4.png
2015-11-05 18:57:29,425 DEBUG [Thread-14] stencyl.sw.util.StreamGobbler: [haxelib]  - Embedding asset: (IMAGE) Assets/graphics/1x/sprite-46-0.png
2015-11-05 18:57:29,425 DEBUG [Thread-14] stencyl.sw.util.StreamGobbler: [haxelib]  - Embedding asset: (IMAGE) Assets/graphics/1x/sprite-49-0.png
2015-11-05 18:57:29,425 DEBUG [Thread-14] stencyl.sw.util.StreamGobbler: [haxelib]  - Embedding asset: (IMAGE) Assets/graphics/1x/sprite-51-0.png
2015-11-05 18:57:29,426 DEBUG [Thread-14] stencyl.sw.util.StreamGobbler: [haxelib]  - Embedding asset: (IMAGE) Assets/graphics/1x/sprite-53-0.png
2015-11-05 18:57:29,426 DEBUG [Thread-14] stencyl.sw.util.StreamGobbler: [haxelib]  - Embedding asset: (IMAGE) Assets/graphics/1x/sprite-55-0.png
2015-11-05 18:57:29,426 DEBUG [Thread-14] stencyl.sw.util.StreamGobbler: [haxelib]  - Embedding asset: (IMAGE) Assets/graphics/1x/sprite-57-0.png
2015-11-05 18:57:29,426 DEBUG [Thread-14] stencyl.sw.util.StreamGobbler: [haxelib]  - Embedding asset: (IMAGE) Assets/graphics/1x/sprite-59-0.png
2015-11-05 18:57:29,426 DEBUG [Thread-14] stencyl.sw.util.StreamGobbler: [haxelib]  - Embedding asset: (IMAGE) Assets/graphics/1x/sprite-61-0.png
2015-11-05 18:57:29,426 DEBUG [Thread-14] stencyl.sw.util.StreamGobbler: [haxelib]  - Embedding asset: (IMAGE) Assets/graphics/1x/sprite-64-0.png
2015-11-05 18:57:29,426 DEBUG [Thread-14] stencyl.sw.util.StreamGobbler: [haxelib]  - Embedding asset: (IMAGE) Assets/graphics/1x/sprite-64-1.png
2015-11-05 18:57:29,427 DEBUG [Thread-14] stencyl.sw.util.StreamGobbler: [haxelib]  - Embedding asset: (IMAGE) Assets/graphics/1x/sprite-64-2.png
2015-11-05 18:57:29,427 DEBUG [Thread-14] stencyl.sw.util.StreamGobbler: [haxelib]  - Embedding asset: (IMAGE) Assets/graphics/1x/sprite-64-3.png
2015-11-05 18:57:29,427 DEBUG [Thread-14] stencyl.sw.util.StreamGobbler: [haxelib]  - Embedding asset: (IMAGE) Assets/graphics/1x/sprite-64-4.png
2015-11-05 18:57:29,427 DEBUG [Thread-14] stencyl.sw.util.StreamGobbler: [haxelib]  - Embedding asset: (IMAGE) Assets/graphics/1x/sprite-64-5.png
2015-11-05 18:57:29,427 DEBUG [Thread-14] stencyl.sw.util.StreamGobbler: [haxelib]  - Embedding asset: (IMAGE) Assets/graphics/1x/sprite-64-6.png
2015-11-05 18:57:29,427 DEBUG [Thread-14] stencyl.sw.util.StreamGobbler: [haxelib]  - Embedding asset: (IMAGE) Assets/graphics/1x/sprite-64-7.png
2015-11-05 18:57:29,427 DEBUG [Thread-14] stencyl.sw.util.StreamGobbler: [haxelib]  - Embedding asset: (IMAGE) Assets/graphics/1x/tileset-31.png
2015-11-05 18:57:29,428 DEBUG [Thread-14] stencyl.sw.util.StreamGobbler: [haxelib]  - Embedding asset: (IMAGE) Assets/graphics/2x/sprite-1-0.png
2015-11-05 18:57:29,428 DEBUG [Thread-14] stencyl.sw.util.StreamGobbler: [haxelib]  - Embedding asset: (IMAGE) Assets/graphics/2x/sprite-1-1.png
2015-11-05 18:57:29,428 DEBUG [Thread-14] stencyl.sw.util.StreamGobbler: [haxelib]  - Embedding asset: (IMAGE) Assets/graphics/2x/sprite-1-2.png
2015-11-05 18:57:29,428 DEBUG [Thread-14] stencyl.sw.util.StreamGobbler: [haxelib]  - Embedding asset: (IMAGE) Assets/graphics/2x/sprite-1-3.png
2015-11-05 18:57:29,428 DEBUG [Thread-14] stencyl.sw.util.StreamGobbler: [haxelib]  - Embedding asset: (IMAGE) Assets/graphics/2x/sprite-40-0.png
2015-11-05 18:57:29,428 DEBUG [Thread-14] stencyl.sw.util.StreamGobbler: [haxelib]  - Embedding asset: (IMAGE) Assets/graphics/2x/sprite-40-4.png
2015-11-05 18:57:29,428 DEBUG [Thread-14] stencyl.sw.util.StreamGobbler: [haxelib]  - Embedding asset: (IMAGE) Assets/graphics/2x/sprite-46-0.png
2015-11-05 18:57:29,428 DEBUG [Thread-14] stencyl.sw.util.StreamGobbler: [haxelib]  - Embedding asset: (IMAGE) Assets/graphics/2x/sprite-49-0.png
2015-11-05 18:57:29,428 DEBUG [Thread-14] stencyl.sw.util.StreamGobbler: [haxelib]  - Embedding asset: (IMAGE) Assets/graphics/2x/sprite-51-0.png
2015-11-05 18:57:29,429 DEBUG [Thread-14] stencyl.sw.util.StreamGobbler: [haxelib]  - Embedding asset: (IMAGE) Assets/graphics/2x/sprite-53-0.png
2015-11-05 18:57:29,429 DEBUG [Thread-14] stencyl.sw.util.StreamGobbler: [haxelib]  - Embedding asset: (IMAGE) Assets/graphics/2x/sprite-55-0.png
2015-11-05 18:57:29,429 DEBUG [Thread-14] stencyl.sw.util.StreamGobbler: [haxelib]  - Embedding asset: (IMAGE) Assets/graphics/2x/sprite-57-0.png
2015-11-05 18:57:29,429 DEBUG [Thread-14] stencyl.sw.util.StreamGobbler: [haxelib]  - Embedding asset: (IMAGE) Assets/graphics/2x/sprite-59-0.png
2015-11-05 18:57:29,429 DEBUG [Thread-14] stencyl.sw.util.StreamGobbler: [haxelib]  - Embedding asset: (IMAGE) Assets/graphics/2x/sprite-61-0.png
2015-11-05 18:57:29,429 DEBUG [Thread-14] stencyl.sw.util.StreamGobbler: [haxelib]  - Embedding asset: (IMAGE) Assets/graphics/2x/sprite-64-0.png
2015-11-05 18:57:29,430 DEBUG [Thread-14] stencyl.sw.util.StreamGobbler: [haxelib]  - Embedding asset: (IMAGE) Assets/graphics/2x/sprite-64-1.png
2015-11-05 18:57:29,430 DEBUG [Thread-14] stencyl.sw.util.StreamGobbler: [haxelib]  - Embedding asset: (IMAGE) Assets/graphics/2x/sprite-64-2.png
2015-11-05 18:57:29,430 DEBUG [Thread-14] stencyl.sw.util.StreamGobbler: [haxelib]  - Embedding asset: (IMAGE) Assets/graphics/2x/sprite-64-3.png
2015-11-05 18:57:29,430 DEBUG [Thread-14] stencyl.sw.util.StreamGobbler: [haxelib]  - Embedding asset: (IMAGE) Assets/graphics/2x/sprite-64-4.png
2015-11-05 18:57:29,430 DEBUG [Thread-14] stencyl.sw.util.StreamGobbler: [haxelib]  - Embedding asset: (IMAGE) Assets/graphics/2x/sprite-64-5.png
2015-11-05 18:57:29,430 DEBUG [Thread-14] stencyl.sw.util.StreamGobbler: [haxelib]  - Embedding asset: (IMAGE) Assets/graphics/2x/sprite-64-6.png
2015-11-05 18:57:29,430 DEBUG [Thread-14] stencyl.sw.util.StreamGobbler: [haxelib]  - Embedding asset: (IMAGE) Assets/graphics/2x/sprite-64-7.png
2015-11-05 18:57:29,430 DEBUG [Thread-14] stencyl.sw.util.StreamGobbler: [haxelib]  - Embedding asset: (IMAGE) Assets/graphics/2x/tileset-31.png
2015-11-05 18:57:29,431 DEBUG [Thread-14] stencyl.sw.util.StreamGobbler: [haxelib]  - Embedding asset: (IMAGE) Assets/graphics/4x/sprite-1-0.png
2015-11-05 18:57:29,431 DEBUG [Thread-14] stencyl.sw.util.StreamGobbler: [haxelib]  - Embedding asset: (IMAGE) Assets/graphics/4x/sprite-1-1.png
2015-11-05 18:57:29,431 DEBUG [Thread-14] stencyl.sw.util.StreamGobbler: [haxelib]  - Embedding asset: (IMAGE) Assets/graphics/4x/sprite-1-2.png
2015-11-05 18:57:29,431 DEBUG [Thread-14] stencyl.sw.util.StreamGobbler: [haxelib]  - Embedding asset: (IMAGE) Assets/graphics/4x/sprite-1-3.png
2015-11-05 18:57:29,431 DEBUG [Thread-14] stencyl.sw.util.StreamGobbler: [haxelib]  - Embedding asset: (IMAGE) Assets/graphics/4x/sprite-40-0.png
2015-11-05 18:57:29,431 DEBUG [Thread-14] stencyl.sw.util.StreamGobbler: [haxelib]  - Embedding asset: (IMAGE) Assets/graphics/4x/sprite-40-4.png
2015-11-05 18:57:29,431 DEBUG [Thread-14] stencyl.sw.util.StreamGobbler: [haxelib]  - Embedding asset: (IMAGE) Assets/graphics/4x/sprite-46-0.png
2015-11-05 18:57:29,431 DEBUG [Thread-14] stencyl.sw.util.StreamGobbler: [haxelib]  - Embedding asset: (IMAGE) Assets/graphics/4x/sprite-49-0.png
2015-11-05 18:57:29,431 DEBUG [Thread-14] stencyl.sw.util.StreamGobbler: [haxelib]  - Embedding asset: (IMAGE) Assets/graphics/4x/sprite-51-0.png
2015-11-05 18:57:29,432 DEBUG [Thread-14] stencyl.sw.util.StreamGobbler: [haxelib]  - Embedding asset: (IMAGE) Assets/graphics/4x/sprite-53-0.png
2015-11-05 18:57:29,432 DEBUG [Thread-14] stencyl.sw.util.StreamGobbler: [haxelib]  - Embedding asset: (IMAGE) Assets/graphics/4x/sprite-55-0.png
2015-11-05 18:57:29,432 DEBUG [Thread-14] stencyl.sw.util.StreamGobbler: [haxelib]  - Embedding asset: (IMAGE) Assets/graphics/4x/sprite-57-0.png
2015-11-05 18:57:29,432 DEBUG [Thread-14] stencyl.sw.util.StreamGobbler: [haxelib]  - Embedding asset: (IMAGE) Assets/graphics/4x/sprite-59-0.png
2015-11-05 18:57:29,432 DEBUG [Thread-14] stencyl.sw.util.StreamGobbler: [haxelib]  - Embedding asset: (IMAGE) Assets/graphics/4x/sprite-61-0.png
2015-11-05 18:57:29,432 DEBUG [Thread-14] stencyl.sw.util.StreamGobbler: [haxelib]  - Embedding asset: (IMAGE) Assets/graphics/4x/sprite-64-0.png
2015-11-05 18:57:29,434 DEBUG [Thread-14] stencyl.sw.util.StreamGobbler: [haxelib]  - Embedding asset: (IMAGE) Assets/graphics/4x/sprite-64-1.png
2015-11-05 18:57:29,434 DEBUG [Thread-14] stencyl.sw.util.StreamGobbler: [haxelib]  - Embedding asset: (IMAGE) Assets/graphics/4x/sprite-64-2.png
2015-11-05 18:57:29,434 DEBUG [Thread-14] stencyl.sw.util.StreamGobbler: [haxelib]  - Embedding asset: (IMAGE) Assets/graphics/4x/sprite-64-3.png
2015-11-05 18:57:29,435 DEBUG [Thread-14] stencyl.sw.util.StreamGobbler: [haxelib]  - Embedding asset: (IMAGE) Assets/graphics/4x/sprite-64-4.png
2015-11-05 18:57:29,435 DEBUG [Thread-14] stencyl.sw.util.StreamGobbler: [haxelib]  - Embedding asset: (IMAGE) Assets/graphics/4x/sprite-64-5.png
2015-11-05 18:57:29,435 DEBUG [Thread-14] stencyl.sw.util.StreamGobbler: [haxelib]  - Embedding asset: (IMAGE) Assets/graphics/4x/sprite-64-6.png
2015-11-05 18:57:29,435 DEBUG [Thread-14] stencyl.sw.util.StreamGobbler: [haxelib]  - Embedding asset: (IMAGE) Assets/graphics/4x/sprite-64-7.png
2015-11-05 18:57:29,435 DEBUG [Thread-14] stencyl.sw.util.StreamGobbler: [haxelib]  - Embedding asset: (IMAGE) Assets/graphics/4x/tileset-31.png
2015-11-05 18:57:29,436 DEBUG [Thread-14] stencyl.sw.util.StreamGobbler: [haxelib]  - Embedding asset: (TEXT) Assets/graphics/default-font.fnt
2015-11-05 18:57:29,436 DEBUG [Thread-14] stencyl.sw.util.StreamGobbler: [haxelib]  - Embedding asset: (IMAGE) Assets/graphics/default-font.png
2015-11-05 18:57:29,436 DEBUG [Thread-14] stencyl.sw.util.StreamGobbler: [haxelib]  - Embedding asset: (IMAGE) Assets/graphics/preloader-badge.png
2015-11-05 18:57:29,436 DEBUG [Thread-14] stencyl.sw.util.StreamGobbler: [haxelib]  - Embedding asset: (IMAGE) Assets/graphics/preloader-bg.png
2015-11-05 18:57:29,436 DEBUG [Thread-14] stencyl.sw.util.StreamGobbler: [haxelib]  - Embedding asset: (IMAGE) Assets/graphics/preloader-bg@1.5x.png
2015-11-05 18:57:29,437 DEBUG [Thread-14] stencyl.sw.util.StreamGobbler: [haxelib]  - Embedding asset: (IMAGE) Assets/graphics/preloader-bg@2x.png
2015-11-05 18:57:29,438 DEBUG [Thread-14] stencyl.sw.util.StreamGobbler: [haxelib]  - Embedding asset: (IMAGE) Assets/graphics/preloader-bg@3x.png
2015-11-05 18:57:29,439 DEBUG [Thread-14] stencyl.sw.util.StreamGobbler: [haxelib]  - Embedding asset: (IMAGE) Assets/graphics/preloader-bg@4x.png
2015-11-05 18:57:29,439 DEBUG [Thread-14] stencyl.sw.util.StreamGobbler: [haxelib]  - Embedding asset: (MUSIC) Assets/music/sound-62.mp3
2015-11-05 18:57:29,439 DEBUG [Thread-14] stencyl.sw.util.StreamGobbler: [haxelib]  - Embedding asset: (SOUND) Assets/sfx/sound-47.mp3
2015-11-05 18:57:29,439 DEBUG [Thread-14] stencyl.sw.util.StreamGobbler: [haxelib]  - Embedding asset: (TEXT) Assets/data/behaviors.xml
2015-11-05 18:57:29,439 DEBUG [Thread-14] stencyl.sw.util.StreamGobbler: [haxelib]  - Embedding asset: (TEXT) Assets/data/game.xml
2015-11-05 18:57:29,439 DEBUG [Thread-14] stencyl.sw.util.StreamGobbler: [haxelib]  - Embedding asset: (TEXT) Assets/data/resources.xml
2015-11-05 18:57:29,439 DEBUG [Thread-14] stencyl.sw.util.StreamGobbler: [haxelib]  - Embedding asset: (BINARY) Assets/data/scene-0.scn
2015-11-05 18:57:29,439 DEBUG [Thread-14] stencyl.sw.util.StreamGobbler: [haxelib]  - Embedding asset: (TEXT) Assets/data/scene-0.xml
2015-11-05 18:57:29,439 DEBUG [Thread-14] stencyl.sw.util.StreamGobbler: [haxelib]  - Embedding asset: (BINARY) Assets/data/scene-1.scn
2015-11-05 18:57:29,439 DEBUG [Thread-14] stencyl.sw.util.StreamGobbler: [haxelib]  - Embedding asset: (TEXT) Assets/data/scene-1.xml
2015-11-05 18:57:29,439 DEBUG [Thread-14] stencyl.sw.util.StreamGobbler: [haxelib]  - Embedding asset: (TEXT) Assets/data/scenes.xml
2015-11-05 18:57:29,439 DEBUG [Thread-14] stencyl.sw.util.StreamGobbler: [haxelib]  - Embedding asset: (IMAGE) Assets/graphics/1.5x/sprite-1-0.png
2015-11-05 18:57:29,439 DEBUG [Thread-14] stencyl.sw.util.StreamGobbler: [haxelib]  - Embedding asset: (IMAGE) Assets/graphics/1.5x/sprite-1-1.png
2015-11-05 18:57:29,439 DEBUG [Thread-14] stencyl.sw.util.StreamGobbler: [haxelib]  - Embedding asset: (IMAGE) Assets/graphics/1.5x/sprite-1-2.png
2015-11-05 18:57:29,439 DEBUG [Thread-14] stencyl.sw.util.StreamGobbler: [haxelib]  - Embedding asset: (IMAGE) Assets/graphics/1.5x/sprite-1-3.png
2015-11-05 18:57:29,439 DEBUG [Thread-14] stencyl.sw.util.StreamGobbler: [haxelib]  - Embedding asset: (IMAGE) Assets/graphics/1.5x/sprite-40-0.png
2015-11-05 18:57:29,440 DEBUG [Thread-14] stencyl.sw.util.StreamGobbler: [haxelib]  - Embedding asset: (IMAGE) Assets/graphics/1.5x/sprite-40-4.png
2015-11-05 18:57:29,440 DEBUG [Thread-14] stencyl.sw.util.StreamGobbler: [haxelib]  - Embedding asset: (IMAGE) Assets/graphics/1.5x/sprite-46-0.png
2015-11-05 18:57:29,440 DEBUG [Thread-14] stencyl.sw.util.StreamGobbler: [haxelib]  - Embedding asset: (IMAGE) Assets/graphics/1.5x/sprite-49-0.png
2015-11-05 18:57:29,440 DEBUG [Thread-14] stencyl.sw.util.StreamGobbler: [haxelib]  - Embedding asset: (IMAGE) Assets/graphics/1.5x/sprite-51-0.png
2015-11-05 18:57:29,440 DEBUG [Thread-14] stencyl.sw.util.StreamGobbler: [haxelib]  - Embedding asset: (IMAGE) Assets/graphics/1.5x/sprite-53-0.png
2015-11-05 18:57:29,440 DEBUG [Thread-14] stencyl.sw.util.StreamGobbler: [haxelib]  - Embedding asset: (IMAGE) Assets/graphics/1.5x/sprite-55-0.png
2015-11-05 18:57:29,440 DEBUG [Thread-14] stencyl.sw.util.StreamGobbler: [haxelib]  - Embedding asset: (IMAGE) Assets/graphics/1.5x/sprite-57-0.png
2015-11-05 18:57:29,440 DEBUG [Thread-14] stencyl.sw.util.StreamGobbler: [haxelib]  - Embedding asset: (IMAGE) Assets/graphics/1.5x/sprite-59-0.png
2015-11-05 18:57:29,440 DEBUG [Thread-14] stencyl.sw.util.StreamGobbler: [haxelib]  - Embedding asset: (IMAGE) Assets/graphics/1.5x/sprite-61-0.png
2015-11-05 18:57:29,440 DEBUG [Thread-14] stencyl.sw.util.StreamGobbler: [haxelib]  - Embedding asset: (IMAGE) Assets/graphics/1.5x/sprite-64-0.png
2015-11-05 18:57:29,440 DEBUG [Thread-14] stencyl.sw.util.StreamGobbler: [haxelib]  - Embedding asset: (IMAGE) Assets/graphics/1.5x/sprite-64-1.png
2015-11-05 18:57:29,440 DEBUG [Thread-14] stencyl.sw.util.StreamGobbler: [haxelib]  - Embedding asset: (IMAGE) Assets/graphics/1.5x/sprite-64-2.png
2015-11-05 18:57:29,441 DEBUG [Thread-14] stencyl.sw.util.StreamGobbler: [haxelib]  - Embedding asset: (IMAGE) Assets/graphics/1.5x/sprite-64-3.png
2015-11-05 18:57:29,441 DEBUG [Thread-14] stencyl.sw.util.StreamGobbler: [haxelib]  - Embedding asset: (IMAGE) Assets/graphics/1.5x/sprite-64-4.png
2015-11-05 18:57:29,441 DEBUG [Thread-14] stencyl.sw.util.StreamGobbler: [haxelib]  - Embedding asset: (IMAGE) Assets/graphics/1.5x/sprite-64-5.png
2015-11-05 18:57:29,441 DEBUG [Thread-14] stencyl.sw.util.StreamGobbler: [haxelib]  - Embedding asset: (IMAGE) Assets/graphics/1.5x/sprite-64-6.png
2015-11-05 18:57:29,441 DEBUG [Thread-14] stencyl.sw.util.StreamGobbler: [haxelib]  - Embedding asset: (IMAGE) Assets/graphics/1.5x/sprite-64-7.png
2015-11-05 18:57:29,441 DEBUG [Thread-14] stencyl.sw.util.StreamGobbler: [haxelib]  - Embedding asset: (IMAGE) Assets/graphics/1.5x/tileset-31.png
2015-11-05 18:57:29,441 DEBUG [Thread-14] stencyl.sw.util.StreamGobbler: [haxelib]  - Embedding asset: (IMAGE) Assets/graphics/1x/sprite-1-0.png
2015-11-05 18:57:29,441 DEBUG [Thread-14] stencyl.sw.util.StreamGobbler: [haxelib]  - Embedding asset: (IMAGE) Assets/graphics/1x/sprite-1-1.png
2015-11-05 18:57:29,441 DEBUG [Thread-14] stencyl.sw.util.StreamGobbler: [haxelib]  - Embedding asset: (IMAGE) Assets/graphics/1x/sprite-1-2.png
2015-11-05 18:57:29,442 DEBUG [Thread-14] stencyl.sw.util.StreamGobbler: [haxelib]  - Embedding asset: (IMAGE) Assets/graphics/1x/sprite-1-3.png
2015-11-05 18:57:29,442 DEBUG [Thread-14] stencyl.sw.util.StreamGobbler: [haxelib]  - Embedding asset: (IMAGE) Assets/graphics/1x/sprite-40-0.png
2015-11-05 18:57:29,442 DEBUG [Thread-14] stencyl.sw.util.StreamGobbler: [haxelib]  - Embedding asset: (IMAGE) Assets/graphics/1x/sprite-40-4.png
2015-11-05 18:57:29,442 DEBUG [Thread-14] stencyl.sw.util.StreamGobbler: [haxelib]  - Embedding asset: (IMAGE) Assets/graphics/1x/sprite-46-0.png
2015-11-05 18:57:29,442 DEBUG [Thread-14] stencyl.sw.util.StreamGobbler: [haxelib]  - Embedding asset: (IMAGE) Assets/graphics/1x/sprite-49-0.png
2015-11-05 18:57:29,442 DEBUG [Thread-14] stencyl.sw.util.StreamGobbler: [haxelib]  - Embedding asset: (IMAGE) Assets/graphics/1x/sprite-51-0.png
2015-11-05 18:57:29,442 DEBUG [Thread-14] stencyl.sw.util.StreamGobbler: [haxelib]  - Embedding asset: (IMAGE) Assets/graphics/1x/sprite-53-0.png
2015-11-05 18:57:29,442 DEBUG [Thread-14] stencyl.sw.util.StreamGobbler: [haxelib]  - Embedding asset: (IMAGE) Assets/graphics/1x/sprite-55-0.png
2015-11-05 18:57:29,442 DEBUG [Thread-14] stencyl.sw.util.StreamGobbler: [haxelib]  - Embedding asset: (IMAGE) Assets/graphics/1x/sprite-57-0.png
2015-11-05 18:57:29,443 DEBUG [Thread-14] stencyl.sw.util.StreamGobbler: [haxelib]  - Embedding asset: (IMAGE) Assets/graphics/1x/sprite-59-0.png
2015-11-05 18:57:29,443 DEBUG [Thread-14] stencyl.sw.util.StreamGobbler: [haxelib]  - Embedding asset: (IMAGE) Assets/graphics/1x/sprite-61-0.png
2015-11-05 18:57:29,443 DEBUG [Thread-14] stencyl.sw.util.StreamGobbler: [haxelib]  - Embedding asset: (IMAGE) Assets/graphics/1x/sprite-64-0.png
2015-11-05 18:57:29,443 DEBUG [Thread-14] stencyl.sw.util.StreamGobbler: [haxelib]  - Embedding asset: (IMAGE) Assets/graphics/1x/sprite-64-1.png
2015-11-05 18:57:29,443 DEBUG [Thread-14] stencyl.sw.util.StreamGobbler: [haxelib]  - Embedding asset: (IMAGE) Assets/graphics/1x/sprite-64-2.png
2015-11-05 18:57:29,443 DEBUG [Thread-14] stencyl.sw.util.StreamGobbler: [haxelib]  - Embedding asset: (IMAGE) Assets/graphics/1x/sprite-64-3.png
2015-11-05 18:57:29,443 DEBUG [Thread-14] stencyl.sw.util.StreamGobbler: [haxelib]  - Embedding asset: (IMAGE) Assets/graphics/1x/sprite-64-4.png
2015-11-05 18:57:29,443 DEBUG [Thread-14] stencyl.sw.util.StreamGobbler: [haxelib]  - Embedding asset: (IMAGE) Assets/graphics/1x/sprite-64-5.png
2015-11-05 18:57:29,443 DEBUG [Thread-14] stencyl.sw.util.StreamGobbler: [haxelib]  - Embedding asset: (IMAGE) Assets/graphics/1x/sprite-64-6.png
2015-11-05 18:57:29,444 DEBUG [Thread-14] stencyl.sw.util.StreamGobbler: [haxelib]  - Embedding asset: (IMAGE) Assets/graphics/1x/sprite-64-7.png
2015-11-05 18:57:29,444 DEBUG [Thread-14] stencyl.sw.util.StreamGobbler: [haxelib]  - Embedding asset: (IMAGE) Assets/graphics/1x/tileset-31.png
2015-11-05 18:57:29,444 DEBUG [Thread-14] stencyl.sw.util.StreamGobbler: [haxelib]  - Embedding asset: (IMAGE) Assets/graphics/2x/sprite-1-0.png
2015-11-05 18:57:29,444 DEBUG [Thread-14] stencyl.sw.util.StreamGobbler: [haxelib]  - Embedding asset: (IMAGE) Assets/graphics/2x/sprite-1-1.png
2015-11-05 18:57:29,444 DEBUG [Thread-14] stencyl.sw.util.StreamGobbler: [haxelib]  - Embedding asset: (IMAGE) Assets/graphics/2x/sprite-1-2.png
2015-11-05 18:57:29,444 DEBUG [Thread-14] stencyl.sw.util.StreamGobbler: [haxelib]  - Embedding asset: (IMAGE) Assets/graphics/2x/sprite-1-3.png
2015-11-05 18:57:29,444 DEBUG [Thread-14] stencyl.sw.util.StreamGobbler: [haxelib]  - Embedding asset: (IMAGE) Assets/graphics/2x/sprite-40-0.png
2015-11-05 18:57:29,444 DEBUG [Thread-14] stencyl.sw.util.StreamGobbler: [haxelib]  - Embedding asset: (IMAGE) Assets/graphics/2x/sprite-40-4.png
2015-11-05 18:57:29,444 DEBUG [Thread-14] stencyl.sw.util.StreamGobbler: [haxelib]  - Embedding asset: (IMAGE) Assets/graphics/2x/sprite-46-0.png
2015-11-05 18:57:29,444 DEBUG [Thread-14] stencyl.sw.util.StreamGobbler: [haxelib]  - Embedding asset: (IMAGE) Assets/graphics/2x/sprite-49-0.png
2015-11-05 18:57:29,445 DEBUG [Thread-14] stencyl.sw.util.StreamGobbler: [haxelib]  - Embedding asset: (IMAGE) Assets/graphics/2x/sprite-51-0.png
2015-11-05 18:57:29,447 DEBUG [Thread-14] stencyl.sw.util.StreamGobbler: [haxelib]  - Embedding asset: (IMAGE) Assets/graphics/2x/sprite-53-0.png
2015-11-05 18:57:29,447 DEBUG [Thread-14] stencyl.sw.util.StreamGobbler: [haxelib]  - Embedding asset: (IMAGE) Assets/graphics/2x/sprite-55-0.png
2015-11-05 18:57:29,447 DEBUG [Thread-14] stencyl.sw.util.StreamGobbler: [haxelib]  - Embedding asset: (IMAGE) Assets/graphics/2x/sprite-57-0.png
2015-11-05 18:57:29,447 DEBUG [Thread-14] stencyl.sw.util.StreamGobbler: [haxelib]  - Embedding asset: (IMAGE) Assets/graphics/2x/sprite-59-0.png
2015-11-05 18:57:29,447 DEBUG [Thread-14] stencyl.sw.util.StreamGobbler: [haxelib]  - Embedding asset: (IMAGE) Assets/graphics/2x/sprite-61-0.png
2015-11-05 18:57:29,447 DEBUG [Thread-14] stencyl.sw.util.StreamGobbler: [haxelib]  - Embedding asset: (IMAGE) Assets/graphics/2x/sprite-64-0.png
2015-11-05 18:57:29,448 DEBUG [Thread-14] stencyl.sw.util.StreamGobbler: [haxelib]  - Embedding asset: (IMAGE) Assets/graphics/2x/sprite-64-1.png
2015-11-05 18:57:29,448 DEBUG [Thread-14] stencyl.sw.util.StreamGobbler: [haxelib]  - Embedding asset: (IMAGE) Assets/graphics/2x/sprite-64-2.png
2015-11-05 18:57:29,448 DEBUG [Thread-14] stencyl.sw.util.StreamGobbler: [haxelib]  - Embedding asset: (IMAGE) Assets/graphics/2x/sprite-64-3.png
2015-11-05 18:57:29,448 DEBUG [Thread-14] stencyl.sw.util.StreamGobbler: [haxelib]  - Embedding asset: (IMAGE) Assets/graphics/2x/sprite-64-4.png
2015-11-05 18:57:29,448 DEBUG [Thread-14] stencyl.sw.util.StreamGobbler: [haxelib]  - Embedding asset: (IMAGE) Assets/graphics/2x/sprite-64-5.png
2015-11-05 18:57:29,448 DEBUG [Thread-14] stencyl.sw.util.StreamGobbler: [haxelib]  - Embedding asset: (IMAGE) Assets/graphics/2x/sprite-64-6.png
2015-11-05 18:57:29,448 DEBUG [Thread-14] stencyl.sw.util.StreamGobbler: [haxelib]  - Embedding asset: (IMAGE) Assets/graphics/2x/sprite-64-7.png
2015-11-05 18:57:29,448 DEBUG [Thread-14] stencyl.sw.util.StreamGobbler: [haxelib]  - Embedding asset: (IMAGE) Assets/graphics/2x/tileset-31.png
2015-11-05 18:57:29,448 DEBUG [Thread-14] stencyl.sw.util.StreamGobbler: [haxelib]  - Embedding asset: (IMAGE) Assets/graphics/4x/sprite-1-0.png
2015-11-05 18:57:29,448 DEBUG [Thread-14] stencyl.sw.util.StreamGobbler: [haxelib]  - Embedding asset: (IMAGE) Assets/graphics/4x/sprite-1-1.png
2015-11-05 18:57:29,448 DEBUG [Thread-14] stencyl.sw.util.StreamGobbler: [haxelib]  - Embedding asset: (IMAGE) Assets/graphics/4x/sprite-1-2.png
2015-11-05 18:57:29,449 DEBUG [Thread-14] stencyl.sw.util.StreamGobbler: [haxelib]  - Embedding asset: (IMAGE) Assets/graphics/4x/sprite-1-3.png
2015-11-05 18:57:29,449 DEBUG [Thread-14] stencyl.sw.util.StreamGobbler: [haxelib]  - Embedding asset: (IMAGE) Assets/graphics/4x/sprite-40-0.png
2015-11-05 18:57:29,449 DEBUG [Thread-14] stencyl.sw.util.StreamGobbler: [haxelib]  - Embedding asset: (IMAGE) Assets/graphics/4x/sprite-40-4.png
2015-11-05 18:57:29,449 DEBUG [Thread-14] stencyl.sw.util.StreamGobbler: [haxelib]  - Embedding asset: (IMAGE) Assets/graphics/4x/sprite-46-0.png
2015-11-05 18:57:29,449 DEBUG [Thread-14] stencyl.sw.util.StreamGobbler: [haxelib]  - Embedding asset: (IMAGE) Assets/graphics/4x/sprite-49-0.png
2015-11-05 18:57:29,449 DEBUG [Thread-14] stencyl.sw.util.StreamGobbler: [haxelib]  - Embedding asset: (IMAGE) Assets/graphics/4x/sprite-51-0.png
2015-11-05 18:57:29,449 DEBUG [Thread-14] stencyl.sw.util.StreamGobbler: [haxelib]  - Embedding asset: (IMAGE) Assets/graphics/4x/sprite-53-0.png
2015-11-05 18:57:29,449 DEBUG [Thread-14] stencyl.sw.util.StreamGobbler: [haxelib]  - Embedding asset: (IMAGE) Assets/graphics/4x/sprite-55-0.png
2015-11-05 18:57:29,449 DEBUG [Thread-14] stencyl.sw.util.StreamGobbler: [haxelib]  - Embedding asset: (IMAGE) Assets/graphics/4x/sprite-57-0.png
2015-11-05 18:57:29,449 DEBUG [Thread-14] stencyl.sw.util.StreamGobbler: [haxelib]  - Embedding asset: (IMAGE) Assets/graphics/4x/sprite-59-0.png
2015-11-05 18:57:29,450 DEBUG [Thread-14] stencyl.sw.util.StreamGobbler: [haxelib]  - Embedding asset: (IMAGE) Assets/graphics/4x/sprite-61-0.png
2015-11-05 18:57:29,450 DEBUG [Thread-14] stencyl.sw.util.StreamGobbler: [haxelib]  - Embedding asset: (IMAGE) Assets/graphics/4x/sprite-64-0.png
2015-11-05 18:57:29,450 DEBUG [Thread-14] stencyl.sw.util.StreamGobbler: [haxelib]  - Embedding asset: (IMAGE) Assets/graphics/4x/sprite-64-1.png
2015-11-05 18:57:29,450 DEBUG [Thread-14] stencyl.sw.util.StreamGobbler: [haxelib]  - Embedding asset: (IMAGE) Assets/graphics/4x/sprite-64-2.png
2015-11-05 18:57:29,450 DEBUG [Thread-14] stencyl.sw.util.StreamGobbler: [haxelib]  - Embedding asset: (IMAGE) Assets/graphics/4x/sprite-64-3.png
2015-11-05 18:57:29,450 DEBUG [Thread-14] stencyl.sw.util.StreamGobbler: [haxelib]  - Embedding asset: (IMAGE) Assets/graphics/4x/sprite-64-4.png
2015-11-05 18:57:29,450 DEBUG [Thread-14] stencyl.sw.util.StreamGobbler: [haxelib]  - Embedding asset: (IMAGE) Assets/graphics/4x/sprite-64-5.png
2015-11-05 18:57:29,450 DEBUG [Thread-14] stencyl.sw.util.StreamGobbler: [haxelib]  - Embedding asset: (IMAGE) Assets/graphics/4x/sprite-64-6.png
2015-11-05 18:57:29,450 DEBUG [Thread-14] stencyl.sw.util.StreamGobbler: [haxelib]  - Embedding asset: (IMAGE) Assets/graphics/4x/sprite-64-7.png
2015-11-05 18:57:29,450 DEBUG [Thread-14] stencyl.sw.util.StreamGobbler: [haxelib]  - Embedding asset: (IMAGE) Assets/graphics/4x/tileset-31.png
2015-11-05 18:57:29,451 DEBUG [Thread-14] stencyl.sw.util.StreamGobbler: [haxelib]  - Embedding asset: (TEXT) Assets/graphics/default-font.fnt
2015-11-05 18:57:29,451 DEBUG [Thread-14] stencyl.sw.util.StreamGobbler: [haxelib]  - Embedding asset: (IMAGE) Assets/graphics/default-font.png
2015-11-05 18:57:29,451 DEBUG [Thread-14] stencyl.sw.util.StreamGobbler: [haxelib]  - Embedding asset: (IMAGE) Assets/graphics/preloader-badge.png
2015-11-05 18:57:29,451 DEBUG [Thread-14] stencyl.sw.util.StreamGobbler: [haxelib]  - Embedding asset: (IMAGE) Assets/graphics/preloader-bg.png
2015-11-05 18:57:29,451 DEBUG [Thread-14] stencyl.sw.util.StreamGobbler: [haxelib]  - Embedding asset: (IMAGE) Assets/graphics/preloader-bg@1.5x.png
2015-11-05 18:57:29,451 DEBUG [Thread-14] stencyl.sw.util.StreamGobbler: [haxelib]  - Embedding asset: (IMAGE) Assets/graphics/preloader-bg@2x.png
2015-11-05 18:57:29,451 DEBUG [Thread-14] stencyl.sw.util.StreamGobbler: [haxelib]  - Embedding asset: (IMAGE) Assets/graphics/preloader-bg@3x.png
2015-11-05 18:57:29,451 DEBUG [Thread-14] stencyl.sw.util.StreamGobbler: [haxelib]  - Embedding asset: (IMAGE) Assets/graphics/preloader-bg@4x.png
2015-11-05 18:57:29,451 DEBUG [Thread-14] stencyl.sw.util.StreamGobbler: [haxelib]  - Embedding asset: (MUSIC) Assets/music/sound-62.mp3
2015-11-05 18:57:29,624 DEBUG [Thread-14] stencyl.sw.util.StreamGobbler: [haxelib]  - Embedding asset: (SOUND) Assets/sfx/sound-47.mp3
2015-11-05 18:57:29,632 DEBUG [Thread-14] stencyl.sw.util.StreamGobbler: [haxelib]  - Embedding asset: (TEXT) Assets/data/behaviors.xml
2015-11-05 18:57:29,633 DEBUG [Thread-14] stencyl.sw.util.StreamGobbler: [haxelib]  - Embedding asset: (TEXT) Assets/data/game.xml
2015-11-05 18:57:29,633 DEBUG [Thread-14] stencyl.sw.util.StreamGobbler: [haxelib]  - Embedding asset: (TEXT) Assets/data/resources.xml
2015-11-05 18:57:29,633 DEBUG [Thread-14] stencyl.sw.util.StreamGobbler: [haxelib]  - Embedding asset: (BINARY) Assets/data/scene-0.scn
2015-11-05 18:57:29,633 DEBUG [Thread-14] stencyl.sw.util.StreamGobbler: [haxelib]  - Embedding asset: (TEXT) Assets/data/scene-0.xml
2015-11-05 18:57:29,633 DEBUG [Thread-14] stencyl.sw.util.StreamGobbler: [haxelib]  - Embedding asset: (BINARY) Assets/data/scene-1.scn
2015-11-05 18:57:29,633 DEBUG [Thread-14] stencyl.sw.util.StreamGobbler: [haxelib]  - Embedding asset: (TEXT) Assets/data/scene-1.xml
2015-11-05 18:57:29,633 DEBUG [Thread-14] stencyl.sw.util.StreamGobbler: [haxelib]  - Embedding asset: (TEXT) Assets/data/scenes.xml
2015-11-05 18:57:29,955 DEBUG [Thread-14] stencyl.sw.util.StreamGobbler: [haxelib]  - Copying template file: /Users/pome012/Desktop/Stencyl-full (1)/plaf/haxe/lib/lime/lime/templates/haxe/ApplicationMain.hx -> Export/flash/haxe/ApplicationMain.hx
2015-11-05 18:57:29,965 DEBUG [Thread-14] stencyl.sw.util.StreamGobbler: [haxelib]  - Copying template file: /Users/pome012/Desktop/Stencyl-full (1)/plaf/haxe/lib/lime/lime/templates/haxe/DefaultAssetLibrary.hx -> Export/flash/haxe/DefaultAssetLibrary.hx
2015-11-05 18:57:29,988 DEBUG [Thread-14] stencyl.sw.util.StreamGobbler: [haxelib]  - Copying template file: /Users/pome012/Desktop/Stencyl-full (1)/plaf/haxe/lib/openfl/openfl/templates/haxe/ApplicationMain.hx -> Export/flash/haxe/ApplicationMain.hx
2015-11-05 18:57:29,994 DEBUG [Thread-14] stencyl.sw.util.StreamGobbler: [haxelib]  - Copying template file: /Users/pome012/Desktop/Stencyl-full (1)/plaf/haxe/lib/openfl/openfl/templates/haxe/NMEPreloader.hx -> Export/flash/haxe/NMEPreloader.hx
2015-11-05 18:57:30,000 DEBUG [Thread-14] stencyl.sw.util.StreamGobbler: [haxelib]  - Copying template file: /Users/pome012/Desktop/Stencyl-full (1)/plaf/haxe/lib/lime/lime/templates/flash/hxml/debug.hxml -> Export/flash/haxe/debug.hxml
2015-11-05 18:57:30,008 DEBUG [Thread-14] stencyl.sw.util.StreamGobbler: [haxelib]  - Copying template file: /Users/pome012/Desktop/Stencyl-full (1)/plaf/haxe/lib/lime/lime/templates/flash/hxml/final.hxml -> Export/flash/haxe/final.hxml
2015-11-05 18:57:30,015 DEBUG [Thread-14] stencyl.sw.util.StreamGobbler: [haxelib]  - Copying template file: /Users/pome012/Desktop/Stencyl-full (1)/plaf/haxe/lib/lime/lime/templates/flash/hxml/release.hxml -> Export/flash/haxe/release.hxml
2015-11-05 18:57:30,018 DEBUG [Thread-14] stencyl.sw.util.StreamGobbler: [haxelib]  - Copying template file: /Users/pome012/Desktop/Stencyl-full (1)/plaf/haxe/lib/openfl/openfl/templates/flash/hxml/debug.hxml -> Export/flash/haxe/debug.hxml
2015-11-05 18:57:30,021 DEBUG [Thread-14] stencyl.sw.util.StreamGobbler: [haxelib]  - Copying template file: /Users/pome012/Desktop/Stencyl-full (1)/plaf/haxe/lib/openfl/openfl/templates/flash/hxml/final.hxml -> Export/flash/haxe/final.hxml
2015-11-05 18:57:30,025 DEBUG [Thread-14] stencyl.sw.util.StreamGobbler: [haxelib]  - Copying template file: /Users/pome012/Desktop/Stencyl-full (1)/plaf/haxe/lib/openfl/openfl/templates/flash/hxml/release.hxml -> Export/flash/haxe/release.hxml
2015-11-05 18:57:30,029 INFO  [Thread-14] stencyl.sw.util.StreamGobbler: [haxelib] Running command: BUILD
2015-11-05 18:57:30,031 DEBUG [Thread-14] stencyl.sw.util.StreamGobbler: [haxelib]  - Running command: haxe -main ApplicationMain -cp "/Users/pome012/Desktop/Stencyl-full (1)/plaf/haxe/lib/openfl/openfl" -D openfl=3.3.8 -cp "/Users/pome012/Desktop/Stencyl-full (1)/plaf/haxe/lib/lime/lime" -D lime=2.6.8 -cp "/Users/pome012/Desktop/Stencyl-full (1)/plaf/haxe/lib/actuate/1,6,5" -D actuate=1.6.5 -cp "/Users/pome012/Desktop/Stencyl-full (1)/plaf/haxe/lib/console/1,00" -D console=0.0.0 -cp "/Users/pome012/Desktop/Stencyl-full (1)/plaf/haxe/lib/polygonal-ds/1,4,1" -D polygonal-ds=1.4.1 -cp "/Users/pome012/Desktop/Stencyl-full (1)/plaf/haxe/lib/polygonal-printf/1,0,0-beta" -D polygonal-printf=1.0.0-beta -cp "/Users/pome012/Desktop/Stencyl-full (1)/plaf/haxe/lib/box2d/1,11" -D box2d=0.0.0 -cp "/Users/pome012/Desktop/Stencyl-full (1)/plaf/haxe/lib/stencyl/1,00" -D stencyl=0.0.0 -cp Source -cp "/Users/pome012/Desktop/Stencyl-full (1)/plaf/haxe/extensions/gestures" -D native-trace -D openfl-next -D tools=2.6.8 -D flash-use-stage -D no-compilation -D openfl-flash -D verbose=1 -D web --remap nme:openfl -D network-sandbox -D as3_native -D swf-directblit -swf-lib newgrounds.swf -swf-lib cpmstar.swf -resource Assets/graphics/preloader-bg.png@preloader-bg -resource Assets/graphics/preloader-badge.png@preloader-badge -swf-lib Export/flash/obj/assets.swf -swf-version 11 -swf Export/flash/bin/Dungeons.swf -cp Export/flash/haxe -debug
2015-11-05 18:57:36,690 DEBUG [pool-1-thread-2] stencyl.sw.util.Util: Process 'haxelib' exited with code: 0
2015-11-05 18:57:36,690 INFO  [pool-1-thread-2] stencyl.sw.io.write.resource.HXWriter: Finished: Building for Flash.
2015-11-05 18:57:36,691 DEBUG [pool-1-thread-2] stencyl.sw.util.Util: Running command: [open, -a, /Users/pome012/Desktop/Stencyl-full (1)/ext-tools/players/flash-10-mac.app, /Users/pome012/stencylworks/games-generated/Dungeons/Export/flash/bin/Dungeons.swf]
2015-11-05 18:57:37,384 INFO  [pool-1-thread-1] stencyl.sw.app.filewatcher.ExternalAppLauncher: [Flash] Universal#initScreen(194): Stage Width: 480
2015-11-05 18:57:37,388 INFO  [pool-1-thread-1] stencyl.sw.app.filewatcher.ExternalAppLauncher: [Flash] Universal#initScreen(195): Stage Height: 320
2015-11-05 18:57:37,388 INFO  [pool-1-thread-1] stencyl.sw.app.filewatcher.ExternalAppLauncher: [Flash] Universal#initScreen(196): Screen Width: 480
2015-11-05 18:57:37,388 INFO  [pool-1-thread-1] stencyl.sw.app.filewatcher.ExternalAppLauncher: [Flash] Universal#initScreen(197): Screen Height: 320
2015-11-05 18:57:37,388 INFO  [pool-1-thread-1] stencyl.sw.app.filewatcher.ExternalAppLauncher: [Flash] Universal#initScreen(198): Screen DPI: 72
2015-11-05 18:57:37,389 INFO  [pool-1-thread-1] stencyl.sw.app.filewatcher.ExternalAppLauncher: [Flash] Universal#initScreen(377): Max Scale: 4
2015-11-05 18:57:37,389 INFO  [pool-1-thread-1] stencyl.sw.app.filewatcher.ExternalAppLauncher: [Flash] Universal#initScreen(378): Engine Scale: 1x
2015-11-05 18:57:37,389 INFO  [pool-1-thread-1] stencyl.sw.app.filewatcher.ExternalAppLauncher: [Flash] Universal#initScreen(732): Scale X: 1
2015-11-05 18:57:37,389 INFO  [pool-1-thread-1] stencyl.sw.app.filewatcher.ExternalAppLauncher: [Flash] Universal#initScreen(733): Scale Y: 1
2015-11-05 18:57:37,389 INFO  [pool-1-thread-1] stencyl.sw.app.filewatcher.ExternalAppLauncher: [Flash] com.stencyl.behavior.Script#addActorEntersRegionListener(517): Error in scripts.SceneEvents_0: Cannot add listener function to null region.
2015-11-05 19:30:46,623 INFO  [AWT-EventQueue-0] stencyl.sw.app.App: Attempting to quit out of Stencyl.
2015-11-05 19:30:48,564 INFO  [pool-1-thread-3] stencyl.sw.io.write.MasterWriter: Saving game in place.
2015-11-05 19:30:48,567 DEBUG [pool-1-thread-3] stencyl.sw.util.FileHelper: Saving backup file /Users/pome012/stencylworks/games/Dungeons/game.xml.bak.
2015-11-05 19:30:49,903 DEBUG [pool-1-thread-3] stencyl.sw.io.write.MasterWriter: Writing out local resources.
2015-11-05 19:30:49,906 DEBUG [pool-1-thread-3] stencyl.sw.util.FileHelper: Saving backup file /Users/pome012/stencylworks/games/Dungeons/resources/data.xml.bak.
2015-11-05 19:30:49,907 DEBUG [pool-1-thread-3] stencyl.sw.io.write.resource.SpriteWriter: Mark actor's sprite as clean (disk).
2015-11-05 19:30:49,907 DEBUG [pool-1-thread-3] stencyl.sw.io.write.resource.SpriteWriter: Mark actor's sprite as clean (disk).
2015-11-05 19:30:49,908 DEBUG [pool-1-thread-3] stencyl.sw.io.write.resource.SpriteWriter: Mark actor's sprite as clean (disk).
2015-11-05 19:30:49,908 DEBUG [pool-1-thread-3] stencyl.sw.io.write.resource.SpriteWriter: Mark actor's sprite as clean (disk).
2015-11-05 19:30:49,908 DEBUG [pool-1-thread-3] stencyl.sw.io.write.resource.SpriteWriter: Mark actor's sprite as clean (disk).
2015-11-05 19:30:49,908 DEBUG [pool-1-thread-3] stencyl.sw.io.write.resource.SpriteWriter: Mark actor's sprite as clean (disk).
2015-11-05 19:30:49,909 DEBUG [pool-1-thread-3] stencyl.sw.io.write.resource.SpriteWriter: Mark actor's sprite as clean (disk).
2015-11-05 19:30:49,909 DEBUG [pool-1-thread-3] stencyl.sw.io.write.resource.SpriteWriter: Mark actor's sprite as clean (disk).
2015-11-05 19:30:49,909 DEBUG [pool-1-thread-3] stencyl.sw.io.write.resource.SpriteWriter: Mark actor's sprite as clean (disk).
2015-11-05 19:30:49,910 DEBUG [pool-1-thread-3] stencyl.sw.io.write.resource.TilesetWriter: Mark tileset as clean (disk).
2015-11-05 19:30:49,911 DEBUG [pool-1-thread-3] stencyl.sw.io.write.resource.SpriteWriter: Mark actor's sprite as clean (disk).
2015-11-05 19:30:49,912 DEBUG [pool-1-thread-3] stencyl.sw.io.write.resource.SpriteWriter: Mark actor's sprite as clean (disk).
2015-11-05 19:30:49,917 DEBUG [pool-1-thread-3] stencyl.sw.io.write.MasterWriter: Writing out scenes.
2015-11-05 19:30:49,918 DEBUG [pool-1-thread-3] stencyl.sw.io.write.MasterWriter: Copying over snippets.
2015-11-05 19:30:49,920 DEBUG [pool-1-thread-3] stencyl.sw.util.FileHelper: Saving backup file /Users/pome012/stencylworks/games/Dungeons/snippets/list.xml.bak.
2015-11-05 19:30:49,997 DEBUG [pool-1-thread-3] stencyl.sw.io.write.MasterWriter: Saving block favorites.
2015-11-05 19:30:50,000 INFO  [pool-1-thread-3] stencyl.sw.io.write.MasterWriter: Done writing game.
2015-11-05 19:30:50,036 DEBUG [AWT-EventQueue-0] stencyl.sw.util.Util: Running command: [killall, neko]
2015-11-05 19:30:50,047 DEBUG [Thread-16] stencyl.sw.util.StreamGobbler: [killall] No matching processes belonging to you were found
2015-11-05 19:30:50,047 DEBUG [AWT-EventQueue-0] stencyl.sw.util.Util: Process 'killall' exited with code: 1
2015-11-05 19:30:50,048 DEBUG [AWT-EventQueue-0] stencyl.sw.util.Util: Running command: [killall, adb]
2015-11-05 19:30:50,058 DEBUG [Thread-17] stencyl.sw.util.StreamGobbler: [killall] No matching processes belonging to you were found
2015-11-05 19:30:50,059 DEBUG [AWT-EventQueue-0] stencyl.sw.util.Util: Process 'killall' exited with code: 1
2015-11-05 19:30:50,059 DEBUG [AWT-EventQueue-0] stencyl.sw.util.Util: Running command: [killall, arm-linux-androideabi-g++]
2015-11-05 19:30:50,069 DEBUG [Thread-18] stencyl.sw.util.StreamGobbler: [killall] No matching processes belonging to you were found
2015-11-05 19:30:50,069 DEBUG [AWT-EventQueue-0] stencyl.sw.util.Util: Process 'killall' exited with code: 1
2015-11-05 19:30:50,070 DEBUG [AWT-EventQueue-0] stencyl.sw.util.Util: Running command: [killall, cc1plus]
2015-11-05 19:30:50,081 DEBUG [Thread-19] stencyl.sw.util.StreamGobbler: [killall] No matching processes belonging to you were found
2015-11-05 19:30:50,081 DEBUG [AWT-EventQueue-0] stencyl.sw.util.Util: Process 'killall' exited with code: 1
2015-11-05 19:30:50,081 DEBUG [AWT-EventQueue-0] stencyl.sw.util.Util: Running command: [killall, tail]
2015-11-05 19:30:50,095 DEBUG [Thread-20] stencyl.sw.util.StreamGobbler: [killall] No matching processes belonging to you were found
2015-11-05 19:30:50,095 DEBUG [AWT-EventQueue-0] stencyl.sw.util.Util: Process 'killall' exited with code: 1
2015-11-05 19:30:50,095 DEBUG [AWT-EventQueue-0] stencyl.sw.util.Util: Running command: [killall, ios-sim]
2015-11-05 19:30:50,106 DEBUG [Thread-21] stencyl.sw.util.StreamGobbler: [killall] No matching processes belonging to you were found
2015-11-05 19:30:50,106 DEBUG [AWT-EventQueue-0] stencyl.sw.util.Util: Process 'killall' exited with code: 1
2015-11-05 19:30:50,106 DEBUG [AWT-EventQueue-0] stencyl.sw.app.App: Destroying extensions.
2015-11-05 19:30:50,107 DEBUG [AWT-EventQueue-0] stencyl.sw.app.App: Performing final close.
2015-11-05 19:30:50,108 INFO  [AWT-EventQueue-0] stencyl.sw.app.App: Exiting...
2015-11-05 19:30:50,109 DEBUG [AWT-EventQueue-0] stencyl.sw.app.App: Destroying Temporary Sandbox.
2015-11-05 19:30:50,109 DEBUG [AWT-EventQueue-0] stencyl.sw.util.FileHelper: Deleting: /private/var/folders/8s/mnd4n2894bdbrmz8ctlzw1dj36knmk/T/stencyl3767844588523929208
