2015-12-01 13:45:09,133 INFO  [main] stencyl.sw.Session: Logfile: /Users/pome012/stencylworks/logs/2015-12-01_13-45-08.log
2015-12-01 13:45:09,143 INFO  [main] stencyl.sw.Session: OS Name: Mac OS X
2015-12-01 13:45:09,144 INFO  [main] stencyl.sw.Session: OS Version: 10.10.5
2015-12-01 13:45:09,144 INFO  [main] stencyl.sw.Session: Java Version: 1.8.0_65
2015-12-01 13:45:09,144 INFO  [main] stencyl.sw.Session: Stencyl Version: 3.3.2 (b8734)
2015-12-01 13:45:09,146 INFO  [main] stencyl.sw.Session: Stencyl Workspace: /Users/pome012/
2015-12-01 13:45:09,146 INFO  [main] stencyl.sw.Session: User Working Directory: /Users/pome012/Desktop/Stencyl-full (1)
2015-12-01 13:45:09,147 INFO  [main] stencyl.sw.Session: User Home Directory: /Users/pome012
2015-12-01 13:45:09,147 INFO  [main] stencyl.sw.Session: System Path: /usr/bin:/bin:/usr/sbin:/sbin
2015-12-01 13:45:09,186 DEBUG [main] stencyl.sw.util.FileHelper: Deleting: /var/folders/8s/mnd4n2894bdbrmz8ctlzw1dj36knmk/T/stencyl3899472269650234242
2015-12-01 13:45:09,188 DEBUG [main] stencyl.sw.loc.LanguagePack: Reading... lang/en/global-phrases.lang
2015-12-01 13:45:09,196 DEBUG [main] stencyl.sw.loc.LanguagePack: Reading... lang/en/global-errors.lang
2015-12-01 13:45:09,200 DEBUG [main] stencyl.sw.loc.LanguagePack: Reading... lang/en/global-menu.lang
2015-12-01 13:45:09,207 DEBUG [main] stencyl.sw.loc.LanguagePack: Reading... lang/en/global-welcome.lang
2015-12-01 13:45:09,213 DEBUG [main] stencyl.sw.loc.LanguagePack: Reading... lang/en/global-dashboard.lang
2015-12-01 13:45:09,220 DEBUG [main] stencyl.sw.loc.LanguagePack: Reading... lang/en/global-publish.lang
2015-12-01 13:45:09,226 DEBUG [main] stencyl.sw.loc.LanguagePack: Reading... lang/en/global-updater.lang
2015-12-01 13:45:09,229 DEBUG [main] stencyl.sw.loc.LanguagePack: Reading... lang/en/global-chat.lang
2015-12-01 13:45:09,236 DEBUG [main] stencyl.sw.loc.LanguagePack: Reading... lang/en/global-misc.lang
2015-12-01 13:45:09,243 DEBUG [main] stencyl.sw.loc.LanguagePack: Reading... lang/en/global-forge.lang
2015-12-01 13:45:09,248 DEBUG [main] stencyl.sw.loc.LanguagePack: Reading... lang/en/global-prefs.lang
2015-12-01 13:45:09,252 DEBUG [main] stencyl.sw.loc.LanguagePack: Reading... lang/en/global-creategame.lang
2015-12-01 13:45:09,256 DEBUG [main] stencyl.sw.loc.LanguagePack: Reading... lang/en/behavior-main.lang
2015-12-01 13:45:09,262 DEBUG [main] stencyl.sw.loc.LanguagePack: Reading... lang/en/behavior-blocks.lang
2015-12-01 13:45:09,287 DEBUG [main] stencyl.sw.loc.LanguagePack: Reading... lang/en/behavior-blockhelp.lang
2015-12-01 13:45:09,299 DEBUG [main] stencyl.sw.loc.LanguagePack: Reading... lang/en/behavior-events.lang
2015-12-01 13:45:09,302 DEBUG [main] stencyl.sw.loc.LanguagePack: Reading... lang/en/behavior-code.lang
2015-12-01 13:45:09,305 DEBUG [main] stencyl.sw.loc.LanguagePack: Reading... lang/en/behavior-attributes.lang
2015-12-01 13:45:09,309 DEBUG [main] stencyl.sw.loc.LanguagePack: Reading... lang/en/behavior-create.lang
2015-12-01 13:45:09,313 DEBUG [main] stencyl.sw.loc.LanguagePack: Reading... lang/en/behavior-byob.lang
2015-12-01 13:45:09,316 DEBUG [main] stencyl.sw.loc.LanguagePack: Reading... lang/en/editor-actor-main.lang
2015-12-01 13:45:09,320 DEBUG [main] stencyl.sw.loc.LanguagePack: Reading... lang/en/editor-actor-physics.lang
2015-12-01 13:45:09,323 DEBUG [main] stencyl.sw.loc.LanguagePack: Reading... lang/en/editor-background.lang
2015-12-01 13:45:09,327 DEBUG [main] stencyl.sw.loc.LanguagePack: Reading... lang/en/editor-behaviorchooser.lang
2015-12-01 13:45:09,331 DEBUG [main] stencyl.sw.loc.LanguagePack: Reading... lang/en/editor-desktop.lang
2015-12-01 13:45:09,334 DEBUG [main] stencyl.sw.loc.LanguagePack: Reading... lang/en/editor-font.lang
2015-12-01 13:45:09,338 DEBUG [main] stencyl.sw.loc.LanguagePack: Reading... lang/en/editor-sound.lang
2015-12-01 13:45:09,342 DEBUG [main] stencyl.sw.loc.LanguagePack: Reading... lang/en/editor-tileset.lang
2015-12-01 13:45:09,345 DEBUG [main] stencyl.sw.loc.LanguagePack: Reading... lang/en/editor-preloader.lang
2015-12-01 13:45:09,349 DEBUG [main] stencyl.sw.loc.LanguagePack: Reading... lang/en/editor-mobile.lang
2015-12-01 13:45:09,354 DEBUG [main] stencyl.sw.loc.LanguagePack: Reading... lang/en/editor-groups.lang
2015-12-01 13:45:09,357 DEBUG [main] stencyl.sw.loc.LanguagePack: Reading... lang/en/editor-attributes.lang
2015-12-01 13:45:09,360 DEBUG [main] stencyl.sw.loc.LanguagePack: Reading... lang/en/editor-input.lang
2015-12-01 13:45:09,364 DEBUG [main] stencyl.sw.loc.LanguagePack: Reading... lang/en/editor-animation.lang
2015-12-01 13:45:09,368 DEBUG [main] stencyl.sw.loc.LanguagePack: Reading... lang/en/editor-scene-main.lang
2015-12-01 13:45:09,372 DEBUG [main] stencyl.sw.loc.LanguagePack: Reading... lang/en/editor-scene-create.lang
2015-12-01 13:45:09,375 DEBUG [main] stencyl.sw.loc.LanguagePack: Reading... lang/en/editor-scene-tools.lang
2015-12-01 13:45:09,379 DEBUG [main] stencyl.sw.loc.LanguagePack: Reading... lang/en/global-phrases.lang
2015-12-01 13:45:09,380 DEBUG [main] stencyl.sw.loc.LanguagePack: Reading... lang/en/global-errors.lang
2015-12-01 13:45:09,381 DEBUG [main] stencyl.sw.loc.LanguagePack: Reading... lang/en/global-menu.lang
2015-12-01 13:45:09,382 DEBUG [main] stencyl.sw.loc.LanguagePack: Reading... lang/en/global-welcome.lang
2015-12-01 13:45:09,383 DEBUG [main] stencyl.sw.loc.LanguagePack: Reading... lang/en/global-dashboard.lang
2015-12-01 13:45:09,384 DEBUG [main] stencyl.sw.loc.LanguagePack: Reading... lang/en/global-publish.lang
2015-12-01 13:45:09,385 DEBUG [main] stencyl.sw.loc.LanguagePack: Reading... lang/en/global-updater.lang
2015-12-01 13:45:09,386 DEBUG [main] stencyl.sw.loc.LanguagePack: Reading... lang/en/global-chat.lang
2015-12-01 13:45:09,386 DEBUG [main] stencyl.sw.loc.LanguagePack: Reading... lang/en/global-misc.lang
2015-12-01 13:45:09,387 DEBUG [main] stencyl.sw.loc.LanguagePack: Reading... lang/en/global-forge.lang
2015-12-01 13:45:09,388 DEBUG [main] stencyl.sw.loc.LanguagePack: Reading... lang/en/global-prefs.lang
2015-12-01 13:45:09,389 DEBUG [main] stencyl.sw.loc.LanguagePack: Reading... lang/en/global-creategame.lang
2015-12-01 13:45:09,390 DEBUG [main] stencyl.sw.loc.LanguagePack: Reading... lang/en/behavior-main.lang
2015-12-01 13:45:09,392 DEBUG [main] stencyl.sw.loc.LanguagePack: Reading... lang/en/behavior-blocks.lang
2015-12-01 13:45:09,398 DEBUG [main] stencyl.sw.loc.LanguagePack: Reading... lang/en/behavior-blockhelp.lang
2015-12-01 13:45:09,411 DEBUG [main] stencyl.sw.loc.LanguagePack: Reading... lang/en/behavior-events.lang
2015-12-01 13:45:09,412 DEBUG [main] stencyl.sw.loc.LanguagePack: Reading... lang/en/behavior-code.lang
2015-12-01 13:45:09,412 DEBUG [main] stencyl.sw.loc.LanguagePack: Reading... lang/en/behavior-attributes.lang
2015-12-01 13:45:09,413 DEBUG [main] stencyl.sw.loc.LanguagePack: Reading... lang/en/behavior-create.lang
2015-12-01 13:45:09,413 DEBUG [main] stencyl.sw.loc.LanguagePack: Reading... lang/en/behavior-byob.lang
2015-12-01 13:45:09,414 DEBUG [main] stencyl.sw.loc.LanguagePack: Reading... lang/en/editor-actor-main.lang
2015-12-01 13:45:09,415 DEBUG [main] stencyl.sw.loc.LanguagePack: Reading... lang/en/editor-actor-physics.lang
2015-12-01 13:45:09,416 DEBUG [main] stencyl.sw.loc.LanguagePack: Reading... lang/en/editor-background.lang
2015-12-01 13:45:09,416 DEBUG [main] stencyl.sw.loc.LanguagePack: Reading... lang/en/editor-behaviorchooser.lang
2015-12-01 13:45:09,417 DEBUG [main] stencyl.sw.loc.LanguagePack: Reading... lang/en/editor-desktop.lang
2015-12-01 13:45:09,418 DEBUG [main] stencyl.sw.loc.LanguagePack: Reading... lang/en/editor-font.lang
2015-12-01 13:45:09,418 DEBUG [main] stencyl.sw.loc.LanguagePack: Reading... lang/en/editor-sound.lang
2015-12-01 13:45:09,419 DEBUG [main] stencyl.sw.loc.LanguagePack: Reading... lang/en/editor-tileset.lang
2015-12-01 13:45:09,420 DEBUG [main] stencyl.sw.loc.LanguagePack: Reading... lang/en/editor-preloader.lang
2015-12-01 13:45:09,420 DEBUG [main] stencyl.sw.loc.LanguagePack: Reading... lang/en/editor-mobile.lang
2015-12-01 13:45:09,421 DEBUG [main] stencyl.sw.loc.LanguagePack: Reading... lang/en/editor-groups.lang
2015-12-01 13:45:09,422 DEBUG [main] stencyl.sw.loc.LanguagePack: Reading... lang/en/editor-attributes.lang
2015-12-01 13:45:09,422 DEBUG [main] stencyl.sw.loc.LanguagePack: Reading... lang/en/editor-input.lang
2015-12-01 13:45:09,423 DEBUG [main] stencyl.sw.loc.LanguagePack: Reading... lang/en/editor-animation.lang
2015-12-01 13:45:09,424 DEBUG [main] stencyl.sw.loc.LanguagePack: Reading... lang/en/editor-scene-main.lang
2015-12-01 13:45:09,426 DEBUG [main] stencyl.sw.loc.LanguagePack: Reading... lang/en/editor-scene-create.lang
2015-12-01 13:45:09,426 DEBUG [main] stencyl.sw.loc.LanguagePack: Reading... lang/en/editor-scene-tools.lang
2015-12-01 13:45:11,358 INFO  [AWT-EventQueue-0] stencyl.sw.SW: Initializing Stencyl.
2015-12-01 13:45:11,364 DEBUG [AWT-EventQueue-0] stencyl.sw.Splash: Set Splash message: Look
2015-12-01 13:45:11,450 DEBUG [Thread-2] stencyl.sw.util.StreamGobbler: [xcode-select] xcode-select: error: unable to get active developer directory, use `xcode-select --switch` to set one (or see `man xcode-select`)
2015-12-01 13:45:11,457 DEBUG [Thread-3] stencyl.sw.util.StreamGobbler: [xcodebuild] xcrun: error: missing DEVELOPER_DIR path: xcode-select: error: unable to get active developer directory, use `xcode-select --switch` to set one (or see `man xcode-select`)
2015-12-01 13:45:11,462 DEBUG [Thread-4] stencyl.sw.util.StreamGobbler: [xcodebuild] xcrun: error: missing DEVELOPER_DIR path: 
2015-12-01 13:45:11,467 DEBUG [Thread-5] stencyl.sw.util.StreamGobbler: [xcodebuild] xcrun: error: missing DEVELOPER_DIR path: /Applications/Xcode.app/Contents/Developer
2015-12-01 13:45:11,472 DEBUG [Thread-6] stencyl.sw.util.StreamGobbler: [xcodebuild] xcrun: error: missing DEVELOPER_DIR path: /Developer
2015-12-01 13:45:11,491 WARN  [AWT-EventQueue-0] stencyl.sw.app.filewatcher.ExternalAppLauncher: No Xcode found.
2015-12-01 13:45:12,280 INFO  [AWT-EventQueue-0] stencyl.sw.ext.ExtensionDependencyManager: Haxelib actuate 1.6.5
2015-12-01 13:45:12,287 INFO  [AWT-EventQueue-0] stencyl.sw.ext.ExtensionDependencyManager: Haxelib box2d 1.11.0
2015-12-01 13:45:12,295 INFO  [AWT-EventQueue-0] stencyl.sw.ext.ExtensionDependencyManager: Haxelib box2d-fake 1.11.0
2015-12-01 13:45:12,303 INFO  [AWT-EventQueue-0] stencyl.sw.ext.ExtensionDependencyManager: Haxelib console 1.0.0
2015-12-01 13:45:12,306 INFO  [AWT-EventQueue-0] stencyl.sw.ext.ExtensionDependencyManager: Haxelib format 3.1.2
2015-12-01 13:45:12,310 INFO  [AWT-EventQueue-0] stencyl.sw.ext.ExtensionDependencyManager: Haxelib hxcpp 3.2.0
2015-12-01 13:45:12,314 INFO  [AWT-EventQueue-0] stencyl.sw.ext.ExtensionDependencyManager: Haxelib hxtelemetry 0.3.1
2015-12-01 13:45:12,318 INFO  [AWT-EventQueue-0] stencyl.sw.ext.ExtensionDependencyManager: Haxelib layout 1.1.0
2015-12-01 13:45:12,326 INFO  [AWT-EventQueue-0] stencyl.sw.ext.ExtensionDependencyManager: Haxelib lime 2.6.8
2015-12-01 13:45:12,333 INFO  [AWT-EventQueue-0] stencyl.sw.ext.ExtensionDependencyManager: Haxelib openfl 3.3.8
2015-12-01 13:45:12,340 INFO  [AWT-EventQueue-0] stencyl.sw.ext.ExtensionDependencyManager: Haxelib polygonal-ds 1.4.1
2015-12-01 13:45:12,344 INFO  [AWT-EventQueue-0] stencyl.sw.ext.ExtensionDependencyManager: Haxelib polygonal-printf 1.0.0.beta
2015-12-01 13:45:12,353 INFO  [AWT-EventQueue-0] stencyl.sw.ext.ExtensionDependencyManager: Haxelib stencyl 1.0.0
2015-12-01 13:45:12,356 INFO  [AWT-EventQueue-0] stencyl.sw.ext.ExtensionDependencyManager: Haxelib stencyl-cppia 1.0.0
2015-12-01 13:45:12,364 INFO  [AWT-EventQueue-0] stencyl.sw.ext.ExtensionDependencyManager: Haxelib svg 1.0.8
2015-12-01 13:45:12,371 INFO  [AWT-EventQueue-0] stencyl.sw.ext.ExtensionDependencyManager: Haxelib swf 1.7.4
2015-12-01 13:45:12,379 INFO  [AWT-EventQueue-0] stencyl.sw.ext.ExtensionDependencyManager: Haxelib tilelayer 0.2.1
2015-12-01 13:45:12,387 DEBUG [AWT-EventQueue-0] stencyl.sw.util.FileHelper: Matching (non-hidden) files within /Users/pome012/stencylworks/extensions: []
2015-12-01 13:45:12,388 DEBUG [AWT-EventQueue-0] stencyl.sw.util.FileHelper: Matching (non-hidden) files within /Users/pome012/stencylworks/extensions: []
2015-12-01 13:45:12,389 DEBUG [AWT-EventQueue-0] stencyl.sw.editors.game.advanced.EngineExtensionManager: Loading engine extensions...
2015-12-01 13:45:12,389 DEBUG [AWT-EventQueue-0] stencyl.sw.util.FileHelper: Directories within /Users/pome012/stencylworks/engine-extensions: [/Users/pome012/stencylworks/engine-extensions/dialog]
2015-12-01 13:45:12,397 DEBUG [AWT-EventQueue-0] stencyl.sw.editors.game.advanced.EngineExtensionManager: dialog is engine extension: Dialog Extension (1.5.0).
2015-12-01 13:45:12,397 INFO  [AWT-EventQueue-0] stencyl.sw.editors.game.advanced.EngineExtensionManager: Engine Extensions: [Dialog Extension (1.5.0)]
2015-12-01 13:45:12,398 WARN  [AWT-EventQueue-0] stencyl.sw.app.ExtensionManager: Couldn't load extension settings.
2015-12-01 13:45:12,404 INFO  [AWT-EventQueue-0] stencyl.sw.app.ExtensionManager: Toolset Extensions: []
2015-12-01 13:45:12,650 DEBUG [AWT-EventQueue-0] stencyl.sw.app.doc.Workspace: Activated: Welcome Center
2015-12-01 13:45:12,656 WARN  [AWT-EventQueue-0] stencyl.sw.app.App: Stencyl Install Path: /Users/pome012/Desktop/Stencyl-full (1)/plaf
2015-12-01 13:45:12,657 WARN  [AWT-EventQueue-0] stencyl.sw.util.dg.MessageDialog: Stencyl's install path contains special characters. - Stencyl may be unable to compile games if it's path contains '(' or ')'. Move Stencyl or change the path to enable game compiling.
2015-12-01 13:45:14,573 DEBUG [AWT-EventQueue-0] stencyl.sw.app.App: Silent Authentication.
2015-12-01 13:45:14,574 DEBUG [AWT-EventQueue-0] stencyl.sw.Splash: Dispose Splash
2015-12-01 13:45:14,829 DEBUG [pool-1-thread-1] stencyl.sw.app.tasks.AuthenticateTask: Response: user:::plans0
2015-12-01 13:45:14,830 DEBUG [pool-1-thread-1] stencyl.sw.util.FileHelper: Deleting: /Users/pome012/stencylworks/prefs/auth.txt
2015-12-01 13:45:14,832 INFO  [pool-1-thread-1] stencyl.sw.app.tasks.AuthenticateTask: Logged in as: POME012
2015-12-01 13:45:14,833 INFO  [pool-1-thread-1] stencyl.sw.app.tasks.AuthenticateTask: Usergroup: Registered
2015-12-01 13:45:15,068 DEBUG [pool-1-thread-1] stencyl.sw.app.tasks.AuthenticateTask: 200
2015-12-01 13:45:16,701 DEBUG [AWT-EventQueue-0] stencyl.sw.util.FileHelper: Deleting: /private/var/folders/8s/mnd4n2894bdbrmz8ctlzw1dj36knmk/T/stencyl3899472269650234242/sandbox/test/temp
2015-12-01 13:45:16,703 DEBUG [AWT-EventQueue-0] stencyl.sw.util.FileHelper: Deleting: /Users/pome012/stencylworks/preview/scripts
2015-12-01 13:45:16,708 DEBUG [AWT-EventQueue-0] stencyl.sw.util.FileHelper: Deleting: /Users/pome012/stencylworks/preview/game
2015-12-01 13:45:16,709 INFO  [AWT-EventQueue-0] stencyl.sw.app.tasks.OpenGameTask: Opening game: Dungeons
2015-12-01 13:45:16,811 DEBUG [pool-1-thread-1] stencyl.core.lib.Game: Loading scene-specific snippet. SceneID: 0
2015-12-01 13:45:16,820 DEBUG [pool-1-thread-1] stencyl.core.lib.Game: Loading scene-specific snippet. SceneID: 1
2015-12-01 13:45:16,822 DEBUG [pool-1-thread-1] stencyl.core.lib.Game: Loading scene-specific snippet. SceneID: 2
2015-12-01 13:45:16,824 DEBUG [pool-1-thread-1] stencyl.core.lib.Game: Loading scene-specific snippet. SceneID: 3
2015-12-01 13:45:16,826 DEBUG [pool-1-thread-1] stencyl.core.lib.Game: Loading scene-specific snippet. SceneID: 4
2015-12-01 13:45:16,833 DEBUG [pool-1-thread-1] stencyl.core.lib.Game: Loading scene-specific snippet. SceneID: 5
2015-12-01 13:45:16,860 DEBUG [pool-1-thread-1] stencyl.core.lib.ResourceList: Initializing... 60 : Action Button
2015-12-01 13:45:16,864 DEBUG [pool-1-thread-1] stencyl.core.lib.ResourceList: Initializing... 64 : Amari
2015-12-01 13:45:16,909 DEBUG [pool-1-thread-1] stencyl.core.lib.ResourceList: Initializing... 63 : Amari
2015-12-01 13:45:16,909 DEBUG [pool-1-thread-1] stencyl.core.lib.ResourceList: Initializing... 65 : Another Block
2015-12-01 13:45:16,910 DEBUG [pool-1-thread-1] stencyl.core.lib.ResourceList: Initializing... 66 : Another Block
2015-12-01 13:45:16,920 DEBUG [pool-1-thread-1] stencyl.core.lib.ResourceList: Initializing... 53 : Arrow Button
2015-12-01 13:45:16,928 DEBUG [pool-1-thread-1] stencyl.core.lib.ResourceList: Initializing... 55 : Arrow Button
2015-12-01 13:45:16,932 DEBUG [pool-1-thread-1] stencyl.core.lib.ResourceList: Initializing... 57 : Arrow Button
2015-12-01 13:45:16,935 DEBUG [pool-1-thread-1] stencyl.core.lib.ResourceList: Initializing... 59 : Arrow Button
2015-12-01 13:45:16,939 DEBUG [pool-1-thread-1] stencyl.core.lib.ResourceList: Initializing... 61 : Arrow Button
2015-12-01 13:45:16,943 DEBUG [pool-1-thread-1] stencyl.core.lib.ResourceList: Initializing... 1 : Ball
2015-12-01 13:45:16,957 DEBUG [pool-1-thread-1] stencyl.core.lib.ResourceList: Initializing... 45 : Block
2015-12-01 13:45:16,958 DEBUG [pool-1-thread-1] stencyl.core.lib.ResourceList: Initializing... 46 : Block
2015-12-01 13:45:16,963 DEBUG [pool-1-thread-1] stencyl.core.lib.ResourceList: Initializing... 58 : Down Button
2015-12-01 13:45:16,963 DEBUG [pool-1-thread-1] stencyl.core.lib.ResourceList: Initializing... 50 : How to Play
2015-12-01 13:45:16,963 DEBUG [pool-1-thread-1] stencyl.core.lib.ResourceList: Initializing... 51 : How to Play
2015-12-01 13:45:16,971 DEBUG [pool-1-thread-1] stencyl.core.lib.ResourceList: Initializing... 67 : Le Font
2015-12-01 13:45:16,974 DEBUG [pool-1-thread-1] stencyl.core.lib.ResourceList: Initializing... 68 : Le Font Mk II
2015-12-01 13:45:16,975 DEBUG [pool-1-thread-1] stencyl.core.lib.ResourceList: Initializing... 56 : Left Button
2015-12-01 13:45:16,975 DEBUG [pool-1-thread-1] stencyl.core.lib.ResourceList: Initializing... 31 : Maze Set1
2015-12-01 13:45:16,984 DEBUG [pool-1-thread-1] stencyl.core.lib.ResourceList: Initializing... 62 : Music
2015-12-01 13:45:16,984 DEBUG [pool-1-thread-1] stencyl.core.lib.ResourceList: Initializing... 0 : Player
2015-12-01 13:45:16,985 DEBUG [pool-1-thread-1] stencyl.core.lib.ResourceList: Initializing... 54 : Right Button
2015-12-01 13:45:16,985 DEBUG [pool-1-thread-1] stencyl.core.lib.ResourceList: Initializing... 48 : Stairs
2015-12-01 13:45:16,985 DEBUG [pool-1-thread-1] stencyl.core.lib.ResourceList: Initializing... 49 : Stairs
2015-12-01 13:45:16,988 DEBUG [pool-1-thread-1] stencyl.core.lib.ResourceList: Initializing... 39 : Switch
2015-12-01 13:45:16,988 DEBUG [pool-1-thread-1] stencyl.core.lib.ResourceList: Initializing... 40 : Switch
2015-12-01 13:45:16,995 DEBUG [pool-1-thread-1] stencyl.core.lib.ResourceList: Initializing... 47 : Switch Activated
2015-12-01 13:45:16,995 DEBUG [pool-1-thread-1] stencyl.core.lib.ResourceList: Initializing... 52 : Up Button
2015-12-01 13:45:16,996 DEBUG [pool-1-thread-1] stencyl.core.engine.sound.ISoundClip: Loading Sound 47
2015-12-01 13:45:16,996 DEBUG [pool-1-thread-1] stencyl.core.engine.sound.ISoundClip: Loading Sound 62
2015-12-01 13:45:17,143 DEBUG [AWT-EventQueue-0] stencyl.core.lib.io.read.SceneReader: Reading header for Scene: 2 (Bigness Proof of Concept) from: scenes/2.xml
2015-12-01 13:45:17,154 DEBUG [AWT-EventQueue-0] stencyl.core.lib.io.read.SceneReader: Reading header for Scene: 2 (Bigness Proof of Concept) from: scenes/2.xml
2015-12-01 13:45:17,240 DEBUG [AWT-EventQueue-0] stencyl.sw.app.doc.Workspace: Activated: Dashboard
2015-12-01 13:45:17,241 DEBUG [AWT-EventQueue-0] stencyl.sw.util.FileHelper: Trying to delete file that does not exist: /private/var/folders/8s/mnd4n2894bdbrmz8ctlzw1dj36knmk/T/stencyl3899472269650234242/sandbox/build/code
2015-12-01 13:45:17,242 DEBUG [AWT-EventQueue-0] stencyl.sw.util.FileHelper: Deleting: /private/var/folders/8s/mnd4n2894bdbrmz8ctlzw1dj36knmk/T/stencyl3899472269650234242/sandbox/test/temp
2015-12-01 13:45:17,246 DEBUG [AWT-EventQueue-0] stencyl.core.lib.io.read.SceneReader: Reading header for Scene: 2 (Bigness Proof of Concept) from: scenes/2.xml
2015-12-01 13:45:17,391 DEBUG [AWT-EventQueue-0] stencyl.sw.app.tasks.OpenGameTask: Took 682ms
2015-12-01 13:45:17,487 DEBUG [AWT-EventQueue-0] stencyl.sw.app.tasks.OpenGameTask: Adding extension definitions for: Dialog Extension (1.5.0)
2015-12-01 13:45:17,524 DEBUG [AWT-EventQueue-0] stencyl.sw.editors.game.attributes.AttributeTree: Loading attribute into tree: firstTime
2015-12-01 13:45:17,556 DEBUG [AWT-EventQueue-0] stencyl.sw.editors.game.attributes.AttributeTree: Loading attribute into tree: Powah
2015-12-01 13:45:17,566 DEBUG [AWT-EventQueue-0] stencyl.sw.editors.game.attributes.AttributeTree: Loading attribute into tree: Health
2015-12-01 13:45:17,579 DEBUG [AWT-EventQueue-0] stencyl.sw.editors.game.attributes.AttributeTree: Loading attribute into tree: Inventory
2015-12-01 13:45:17,631 DEBUG [AWT-EventQueue-0] stencyl.sw.editors.game.cgroups.CollisionGroupTree: Loading actor group into tree: Actors
2015-12-01 13:45:17,641 DEBUG [AWT-EventQueue-0] stencyl.sw.editors.game.cgroups.CollisionGroupTree: Loading actor group into tree: Doodads
2015-12-01 13:45:17,647 DEBUG [AWT-EventQueue-0] stencyl.sw.editors.game.cgroups.CollisionGroupTree: Loading actor group into tree: Players
2015-12-01 13:45:17,651 DEBUG [AWT-EventQueue-0] stencyl.sw.editors.game.cgroups.CollisionGroupTree: Loading actor group into tree: Regions
2015-12-01 13:45:17,657 DEBUG [AWT-EventQueue-0] stencyl.sw.editors.game.cgroups.CollisionGroupTree: Loading actor group into tree: Tiles
2015-12-01 13:45:17,661 DEBUG [AWT-EventQueue-0] stencyl.sw.editors.game.cgroups.CollisionGroupTree: Loading actor group into tree: Blocks
2015-12-01 13:45:18,549 DEBUG [AWT-EventQueue-0] stencyl.core.lib.Atlas: Getting memory for atlas 0
2015-12-01 13:45:18,550 DEBUG [AWT-EventQueue-0] stencyl.core.lib.Atlas: Added resource 'Player' to atlas 0
2015-12-01 13:45:18,550 DEBUG [AWT-EventQueue-0] stencyl.core.lib.Atlas: Added resource 'Another Block' to atlas 0
2015-12-01 13:45:18,550 DEBUG [AWT-EventQueue-0] stencyl.core.lib.Atlas: Added resource 'Le Font' to atlas 0
2015-12-01 13:45:18,551 DEBUG [AWT-EventQueue-0] stencyl.core.lib.Atlas: Added resource 'Le Font Mk II' to atlas 0
2015-12-01 13:45:18,551 DEBUG [AWT-EventQueue-0] stencyl.core.lib.Atlas: Added resource 'Maze Set1' to atlas 0
2015-12-01 13:45:18,551 DEBUG [AWT-EventQueue-0] stencyl.core.lib.Atlas: Added resource 'Switch' to atlas 0
2015-12-01 13:45:18,551 DEBUG [AWT-EventQueue-0] stencyl.core.lib.Atlas: Added resource 'Block' to atlas 0
2015-12-01 13:45:18,551 DEBUG [AWT-EventQueue-0] stencyl.core.lib.Atlas: Added resource 'Switch Activated' to atlas 0
2015-12-01 13:45:18,551 DEBUG [AWT-EventQueue-0] stencyl.core.lib.Atlas: Added resource 'Stairs' to atlas 0
2015-12-01 13:45:18,551 DEBUG [AWT-EventQueue-0] stencyl.core.lib.Atlas: Added resource 'How to Play' to atlas 0
2015-12-01 13:45:18,551 DEBUG [AWT-EventQueue-0] stencyl.core.lib.Atlas: Added resource 'Up Button' to atlas 0
2015-12-01 13:45:18,551 DEBUG [AWT-EventQueue-0] stencyl.core.lib.Atlas: Added resource 'Right Button' to atlas 0
2015-12-01 13:45:18,551 DEBUG [AWT-EventQueue-0] stencyl.core.lib.Atlas: Added resource 'Left Button' to atlas 0
2015-12-01 13:45:18,551 DEBUG [AWT-EventQueue-0] stencyl.core.lib.Atlas: Added resource 'Down Button' to atlas 0
2015-12-01 13:45:18,552 DEBUG [AWT-EventQueue-0] stencyl.core.lib.Atlas: Added resource 'Action Button' to atlas 0
2015-12-01 13:45:18,552 DEBUG [AWT-EventQueue-0] stencyl.core.lib.Atlas: Added resource 'Music' to atlas 0
2015-12-01 13:45:18,552 DEBUG [AWT-EventQueue-0] stencyl.core.lib.Atlas: Added resource 'Amari' to atlas 0
2015-12-01 13:45:18,559 DEBUG [AWT-EventQueue-0] stencyl.core.lib.Atlas: Getting memory for atlas 1
2015-12-01 13:45:18,562 DEBUG [AWT-EventQueue-0] stencyl.core.lib.Atlas: Getting memory for atlas 2
2015-12-01 13:45:18,566 DEBUG [AWT-EventQueue-0] stencyl.core.lib.Atlas: Getting memory for atlas 3
2015-12-01 13:45:18,569 DEBUG [AWT-EventQueue-0] stencyl.core.lib.Atlas: Getting memory for atlas 4
2015-12-01 13:45:18,572 DEBUG [AWT-EventQueue-0] stencyl.core.lib.Atlas: Getting memory for atlas 5
2015-12-01 13:45:18,575 DEBUG [AWT-EventQueue-0] stencyl.core.lib.Atlas: Getting memory for atlas 6
2015-12-01 13:45:18,577 DEBUG [AWT-EventQueue-0] stencyl.core.lib.Atlas: Getting memory for atlas 7
2015-12-01 13:45:18,581 DEBUG [AWT-EventQueue-0] stencyl.core.lib.Atlas: Getting memory for atlas 8
2015-12-01 13:45:18,584 DEBUG [AWT-EventQueue-0] stencyl.core.lib.Atlas: Getting memory for atlas 9
2015-12-01 13:45:18,588 DEBUG [AWT-EventQueue-0] stencyl.core.lib.Atlas: Getting memory for atlas 10
2015-12-01 13:45:18,591 DEBUG [AWT-EventQueue-0] stencyl.core.lib.Atlas: Getting memory for atlas 11
2015-12-01 13:45:18,593 DEBUG [AWT-EventQueue-0] stencyl.core.lib.Atlas: Getting memory for atlas 12
2015-12-01 13:45:18,595 DEBUG [AWT-EventQueue-0] stencyl.core.lib.Atlas: Getting memory for atlas 13
2015-12-01 13:45:18,597 DEBUG [AWT-EventQueue-0] stencyl.core.lib.Atlas: Getting memory for atlas 14
2015-12-01 13:45:18,600 DEBUG [AWT-EventQueue-0] stencyl.core.lib.Atlas: Getting memory for atlas 15
2015-12-01 13:45:18,602 DEBUG [AWT-EventQueue-0] stencyl.core.lib.Atlas: Getting memory for atlas 16
2015-12-01 13:45:18,604 DEBUG [AWT-EventQueue-0] stencyl.core.lib.Atlas: Getting memory for atlas 17
2015-12-01 13:45:18,607 DEBUG [AWT-EventQueue-0] stencyl.core.lib.Atlas: Getting memory for atlas 18
2015-12-01 13:45:18,610 DEBUG [AWT-EventQueue-0] stencyl.core.lib.Atlas: Getting memory for atlas 19
2015-12-01 13:45:18,613 DEBUG [AWT-EventQueue-0] stencyl.core.lib.Atlas: Getting memory for atlas 20
2015-12-01 13:45:18,616 DEBUG [AWT-EventQueue-0] stencyl.core.lib.Atlas: Getting memory for atlas 21
2015-12-01 13:45:18,620 DEBUG [AWT-EventQueue-0] stencyl.core.lib.Atlas: Getting memory for atlas 22
2015-12-01 13:45:18,623 DEBUG [AWT-EventQueue-0] stencyl.core.lib.Atlas: Getting memory for atlas 23
2015-12-01 13:45:18,626 DEBUG [AWT-EventQueue-0] stencyl.core.lib.Atlas: Getting memory for atlas 24
2015-12-01 13:45:18,628 DEBUG [AWT-EventQueue-0] stencyl.core.lib.Atlas: Getting memory for atlas 25
2015-12-01 13:45:18,632 DEBUG [AWT-EventQueue-0] stencyl.core.lib.Atlas: Getting memory for atlas 26
2015-12-01 13:45:18,634 DEBUG [AWT-EventQueue-0] stencyl.core.lib.Atlas: Getting memory for atlas 27
2015-12-01 13:45:18,637 DEBUG [AWT-EventQueue-0] stencyl.core.lib.Atlas: Getting memory for atlas 28
2015-12-01 13:45:18,641 DEBUG [AWT-EventQueue-0] stencyl.core.lib.Atlas: Getting memory for atlas 29
2015-12-01 13:45:18,644 DEBUG [AWT-EventQueue-0] stencyl.core.lib.Atlas: Getting memory for atlas 30
2015-12-01 13:45:18,647 DEBUG [AWT-EventQueue-0] stencyl.core.lib.Atlas: Getting memory for atlas 31
2015-12-01 13:45:18,699 DEBUG [AWT-EventQueue-0] stencyl.core.lib.io.read.SceneReader: Reading header for Scene: 0 (Maze 1) from: scenes/0.xml
2015-12-01 13:45:18,703 DEBUG [AWT-EventQueue-0] stencyl.core.lib.io.read.SceneReader: Reading header for Scene: 1 (Test Scene) from: scenes/1.xml
2015-12-01 13:45:18,712 DEBUG [AWT-EventQueue-0] stencyl.core.lib.io.read.SceneReader: Reading header for Scene: 2 (Bigness Proof of Concept) from: scenes/2.xml
2015-12-01 13:45:18,713 DEBUG [AWT-EventQueue-0] stencyl.core.lib.io.read.SceneReader: Reading header for Scene: 3 (End) from: scenes/3.xml
2015-12-01 13:45:18,717 DEBUG [AWT-EventQueue-0] stencyl.core.lib.io.read.SceneReader: Reading header for Scene: 4 (Tingjuns Scene) from: scenes/4.xml
2015-12-01 13:45:18,721 DEBUG [AWT-EventQueue-0] stencyl.core.lib.io.read.SceneReader: Reading header for Scene: 5 (Combat) from: scenes/5.xml
2015-12-01 13:45:41,645 INFO  [AWT-EventQueue-0] stencyl.sw.app.App: Attempting to quit out of Stencyl.
2015-12-01 13:45:44,543 INFO  [pool-1-thread-1] stencyl.sw.io.write.MasterWriter: Saving game in place.
2015-12-01 13:45:44,559 DEBUG [pool-1-thread-1] stencyl.sw.util.FileHelper: Saving backup file /Users/pome012/stencylworks/games/Dungeons/game.xml.bak.
2015-12-01 13:45:47,191 DEBUG [pool-1-thread-1] stencyl.sw.io.write.MasterWriter: Writing out local resources.
2015-12-01 13:45:47,195 DEBUG [pool-1-thread-1] stencyl.sw.util.FileHelper: Saving backup file /Users/pome012/stencylworks/games/Dungeons/resources/data.xml.bak.
2015-12-01 13:45:47,202 DEBUG [pool-1-thread-1] stencyl.sw.io.write.resource.SpriteWriter: Mark actor's sprite as clean (disk).
2015-12-01 13:45:47,204 DEBUG [pool-1-thread-1] stencyl.sw.io.write.resource.SpriteWriter: Mark actor's sprite as clean (disk).
2015-12-01 13:45:47,204 DEBUG [pool-1-thread-1] stencyl.sw.io.write.resource.SpriteWriter: Mark actor's sprite as clean (disk).
2015-12-01 13:45:47,204 DEBUG [pool-1-thread-1] stencyl.sw.io.write.resource.SpriteWriter: Mark actor's sprite as clean (disk).
2015-12-01 13:45:47,204 DEBUG [pool-1-thread-1] stencyl.sw.io.write.resource.SpriteWriter: Mark actor's sprite as clean (disk).
2015-12-01 13:45:47,204 DEBUG [pool-1-thread-1] stencyl.sw.io.write.resource.SpriteWriter: Mark actor's sprite as clean (disk).
2015-12-01 13:45:47,205 DEBUG [pool-1-thread-1] stencyl.sw.io.write.resource.SpriteWriter: Mark actor's sprite as clean (disk).
2015-12-01 13:45:47,206 DEBUG [pool-1-thread-1] stencyl.sw.io.write.resource.SpriteWriter: Mark actor's sprite as clean (disk).
2015-12-01 13:45:47,206 DEBUG [pool-1-thread-1] stencyl.sw.io.write.resource.SpriteWriter: Mark actor's sprite as clean (disk).
2015-12-01 13:45:47,207 DEBUG [pool-1-thread-1] stencyl.sw.io.write.resource.SpriteWriter: Mark actor's sprite as clean (disk).
2015-12-01 13:45:47,208 DEBUG [pool-1-thread-1] stencyl.sw.io.write.resource.FontWriter: Mark font as clean (disk).
2015-12-01 13:45:47,208 DEBUG [pool-1-thread-1] stencyl.sw.io.write.resource.FontWriter: Mark font as clean (disk).
2015-12-01 13:45:47,210 DEBUG [pool-1-thread-1] stencyl.sw.io.write.resource.TilesetWriter: Mark tileset as clean (disk).
2015-12-01 13:45:47,211 DEBUG [pool-1-thread-1] stencyl.sw.io.write.resource.SpriteWriter: Mark actor's sprite as clean (disk).
2015-12-01 13:45:47,212 DEBUG [pool-1-thread-1] stencyl.sw.io.write.resource.SpriteWriter: Mark actor's sprite as clean (disk).
2015-12-01 13:45:47,233 DEBUG [pool-1-thread-1] stencyl.sw.io.write.MasterWriter: Writing out scenes.
2015-12-01 13:45:47,236 DEBUG [pool-1-thread-1] stencyl.sw.io.write.MasterWriter: Copying over snippets.
2015-12-01 13:45:47,244 DEBUG [pool-1-thread-1] stencyl.sw.util.FileHelper: Saving backup file /Users/pome012/stencylworks/games/Dungeons/snippets/list.xml.bak.
2015-12-01 13:45:47,443 DEBUG [pool-1-thread-1] stencyl.sw.io.write.MasterWriter: Saving block favorites.
2015-12-01 13:45:47,540 DEBUG [pool-1-thread-1] stencyl.sw.editors.snippet.designer.block.Block: Write out Last Created for Scene Snippet (nothing was chosen)
2015-12-01 13:45:47,542 INFO  [pool-1-thread-1] stencyl.sw.io.write.MasterWriter: Done writing game.
2015-12-01 13:45:47,576 DEBUG [AWT-EventQueue-0] stencyl.sw.util.Util: Running command: [killall, neko]
2015-12-01 13:45:47,587 DEBUG [Thread-9] stencyl.sw.util.StreamGobbler: [killall] No matching processes belonging to you were found
2015-12-01 13:45:47,588 DEBUG [AWT-EventQueue-0] stencyl.sw.util.Util: Process 'killall' exited with code: 1
2015-12-01 13:45:47,588 DEBUG [AWT-EventQueue-0] stencyl.sw.util.Util: Running command: [killall, adb]
2015-12-01 13:45:47,599 DEBUG [Thread-10] stencyl.sw.util.StreamGobbler: [killall] No matching processes belonging to you were found
2015-12-01 13:45:47,600 DEBUG [AWT-EventQueue-0] stencyl.sw.util.Util: Process 'killall' exited with code: 1
2015-12-01 13:45:47,600 DEBUG [AWT-EventQueue-0] stencyl.sw.util.Util: Running command: [killall, arm-linux-androideabi-g++]
2015-12-01 13:45:47,611 DEBUG [Thread-11] stencyl.sw.util.StreamGobbler: [killall] No matching processes belonging to you were found
2015-12-01 13:45:47,612 DEBUG [AWT-EventQueue-0] stencyl.sw.util.Util: Process 'killall' exited with code: 1
2015-12-01 13:45:47,613 DEBUG [AWT-EventQueue-0] stencyl.sw.util.Util: Running command: [killall, cc1plus]
2015-12-01 13:45:47,623 DEBUG [Thread-12] stencyl.sw.util.StreamGobbler: [killall] No matching processes belonging to you were found
2015-12-01 13:45:47,624 DEBUG [AWT-EventQueue-0] stencyl.sw.util.Util: Process 'killall' exited with code: 1
2015-12-01 13:45:47,624 DEBUG [AWT-EventQueue-0] stencyl.sw.util.Util: Running command: [killall, tail]
2015-12-01 13:45:47,635 DEBUG [Thread-13] stencyl.sw.util.StreamGobbler: [killall] No matching processes belonging to you were found
2015-12-01 13:45:47,635 DEBUG [AWT-EventQueue-0] stencyl.sw.util.Util: Process 'killall' exited with code: 1
2015-12-01 13:45:47,636 DEBUG [AWT-EventQueue-0] stencyl.sw.util.Util: Running command: [killall, ios-sim]
2015-12-01 13:45:47,646 DEBUG [Thread-14] stencyl.sw.util.StreamGobbler: [killall] No matching processes belonging to you were found
2015-12-01 13:45:47,646 DEBUG [AWT-EventQueue-0] stencyl.sw.util.Util: Process 'killall' exited with code: 1
2015-12-01 13:45:47,646 DEBUG [AWT-EventQueue-0] stencyl.sw.app.App: Destroying extensions.
2015-12-01 13:45:47,647 DEBUG [AWT-EventQueue-0] stencyl.sw.app.App: Performing final close.
2015-12-01 13:45:47,648 INFO  [AWT-EventQueue-0] stencyl.sw.app.App: Exiting...
2015-12-01 13:45:47,649 DEBUG [AWT-EventQueue-0] stencyl.sw.app.App: Destroying Temporary Sandbox.
2015-12-01 13:45:47,649 DEBUG [AWT-EventQueue-0] stencyl.sw.util.FileHelper: Deleting: /private/var/folders/8s/mnd4n2894bdbrmz8ctlzw1dj36knmk/T/stencyl3899472269650234242
